Wed Mar 11 2026 12:00:28 [MY-SERVER] в„№пёЏ INFO: [31mA user disconnected[39m
Wed Mar 11 2026 12:00:30 [MY-SERVER] в„№пёЏ INFO: [34mA user connected[39m
Wed Mar 11 2026 12:01:17 [MY-SERVER] в„№пёЏ INFO: Server Connected Sucessfully
Wed Mar 11 2026 12:01:17 [MY-SERVER] в„№пёЏ INFO: рџ”Өрџ”ӨServer is Running
Wed Mar 11 2026 12:01:50 [MY-SERVER] в„№пёЏ INFO: Server Connected Sucessfully
Wed Mar 11 2026 12:01:50 [MY-SERVER] в„№пёЏ INFO: рџ”Өрџ”ӨServer is Running
Wed Mar 11 2026 12:02:18 [MY-SERVER] в„№пёЏ INFO: Server Connected Sucessfully
Wed Mar 11 2026 12:02:18 [MY-SERVER] в„№пёЏ INFO: рџ”Өрџ”ӨServer is Running
Wed Mar 11 2026 12:04:20 [MY-SERVER] в„№пёЏ INFO: Server Connected Sucessfully
Wed Mar 11 2026 12:04:20 [MY-SERVER] в„№пёЏ INFO: рџ”Өрџ”ӨServer is Running
Wed Mar 11 2026 12:06:15 [MY-SERVER] в„№пёЏ INFO: Server Connected Sucessfully
Wed Mar 11 2026 12:06:15 [MY-SERVER] в„№пёЏ INFO: рџ”Өрџ”ӨServer is Running
Wed Mar 11 2026 12:08:14 [MY-SERVER] в„№пёЏ INFO: Server Connected Sucessfully
Wed Mar 11 2026 12:08:14 [MY-SERVER] в„№пёЏ INFO: рџ”Өрџ”ӨServer is Running
Wed Mar 11 2026 12:08:20 [MY-SERVER] в„№пёЏ INFO: Server Connected Sucessfully
Wed Mar 11 2026 12:08:20 [MY-SERVER] в„№пёЏ INFO: рџ”Өрџ”ӨServer is Running
Wed Mar 11 2026 12:08:21 [MY-SERVER] в„№пёЏ INFO: [34mA user connected[39m
Wed Mar 11 2026 12:11:19 [MY-SERVER] в„№пёЏ INFO: Server Connected Sucessfully
Wed Mar 11 2026 12:11:47 [MY-SERVER] в„№пёЏ INFO: Server Connected Sucessfully
Wed Mar 11 2026 12:11:47 [MY-SERVER] в„№пёЏ INFO: рџ”Өрџ”ӨServer is Running
Wed Mar 11 2026 12:12:21 [MY-SERVER] в„№пёЏ INFO: Server Connected Sucessfully
Wed Mar 11 2026 12:12:21 [MY-SERVER] в„№пёЏ INFO: рџ”Өрџ”ӨServer is Running
Wed Mar 11 2026 12:13:29 [MY-SERVER] в„№пёЏ INFO: Server Connected Sucessfully
Wed Mar 11 2026 12:13:29 [MY-SERVER] в„№пёЏ INFO: рџ”Өрџ”ӨServer is Running
Wed Mar 11 2026 12:13:33 [MY-SERVER] в„№пёЏ INFO: [34mA user connected[39m
Wed Mar 11 2026 12:13:34 [MY-SERVER] в„№пёЏ INFO: [31mA user disconnected[39m
Wed Mar 11 2026 12:13:35 [MY-SERVER] в„№пёЏ INFO: [34mA user connected[39m
Wed Mar 11 2026 12:15:48 [MY-SERVER] в„№пёЏ INFO: Server Connected Sucessfully
Wed Mar 11 2026 12:15:48 [MY-SERVER] в„№пёЏ INFO: рџ”Өрџ”ӨServer is Running
Wed Mar 11 2026 12:16:17 [MY-SERVER] в„№пёЏ INFO: [34mA user connected: czBqHwajxQ5JGMaeAAAB[39m
Wed Mar 11 2026 12:21:37 [MY-SERVER] в„№пёЏ INFO: Server Connected Sucessfully
Wed Mar 11 2026 12:21:37 [MY-SERVER] в„№пёЏ INFO: рџ”Өрџ”ӨServer is Running
Wed Mar 11 2026 12:22:10 [MY-SERVER] в„№пёЏ INFO: [34mA user connected: v3t01GTje3HgsVv7AAAB[39m
Wed Mar 11 2026 12:22:58 [MY-SERVER] в„№пёЏ INFO: Server Connected Sucessfully
Wed Mar 11 2026 12:22:58 [MY-SERVER] в„№пёЏ INFO: рџ”Өрџ”ӨServer is Running
Wed Mar 11 2026 12:25:28 [MY-SERVER] в„№пёЏ INFO: Server Connected Sucessfully
Wed Mar 11 2026 12:25:28 [MY-SERVER] в„№пёЏ INFO: рџ”Өрџ”ӨServer is Running
Wed Mar 11 2026 12:27:15 [MY-SERVER] в„№пёЏ INFO: Server Connected Sucessfully
Wed Mar 11 2026 12:27:15 [MY-SERVER] в„№пёЏ INFO: рџ”Өрџ”ӨServer is Running
Wed Mar 11 2026 12:27:37 [MY-SERVER] в„№пёЏ INFO: Server Connected Sucessfully
Wed Mar 11 2026 12:27:37 [MY-SERVER] в„№пёЏ INFO: рџ”Өрџ”ӨServer is Running
Wed Mar 11 2026 12:27:43 [MY-SERVER] в„№пёЏ INFO: [34mA user connected[39m
Wed Mar 11 2026 12:28:17 [MY-SERVER] в„№пёЏ INFO: Server Connected Sucessfully
Wed Mar 11 2026 12:28:17 [MY-SERVER] в„№пёЏ INFO: рџ”Өрџ”ӨServer is Running
Wed Mar 11 2026 12:30:24 [MY-SERVER] в„№пёЏ INFO: Server Connected Sucessfully
Wed Mar 11 2026 12:30:24 [MY-SERVER] в„№пёЏ INFO: рџ”Өрџ”ӨServer is Running
Wed Mar 11 2026 12:33:32 [MY-SERVER] в„№пёЏ INFO: Server Connected Sucessfully
Wed Mar 11 2026 12:33:32 [MY-SERVER] в„№пёЏ INFO: рџ”Өрџ”ӨServer is Running
Wed Mar 11 2026 12:34:29 [MY-SERVER] в„№пёЏ INFO: Server Connected Sucessfully
Wed Mar 11 2026 12:34:29 [MY-SERVER] в„№пёЏ INFO: рџ”Өрџ”ӨServer is Running
Wed Mar 11 2026 12:36:57 [MY-SERVER] в„№пёЏ INFO: Server Connected Sucessfully
Wed Mar 11 2026 12:36:57 [MY-SERVER] в„№пёЏ INFO: рџ”Өрџ”ӨServer is Running
Wed Mar 11 2026 12:37:37 [MY-SERVER] в„№пёЏ INFO: Server Connected Sucessfully
Wed Mar 11 2026 12:37:37 [MY-SERVER] в„№пёЏ INFO: рџ”Өрџ”ӨServer is Running
Wed Mar 11 2026 12:38:07 [MY-SERVER] в„№пёЏ INFO: Server Connected Sucessfully
Wed Mar 11 2026 12:38:07 [MY-SERVER] в„№пёЏ INFO: рџ”Өрџ”ӨServer is Running
Wed Mar 11 2026 12:46:55 [MY-SERVER] в„№пёЏ INFO: Server Connected Sucessfully
Wed Mar 11 2026 12:46:55 [MY-SERVER] в„№пёЏ INFO: рџ”Өрџ”ӨServer is Running
Wed Mar 11 2026 12:47:47 [MY-SERVER] в„№пёЏ INFO: Server Connected Sucessfully
Wed Mar 11 2026 12:47:47 [MY-SERVER] в„№пёЏ INFO: рџ”Өрџ”ӨServer is Running
Wed Mar 11 2026 12:48:16 [MY-SERVER] в„№пёЏ INFO: Server Connected Sucessfully
Wed Mar 11 2026 12:48:16 [MY-SERVER] в„№пёЏ INFO: рџ”Өрџ”ӨServer is Running
Wed Mar 11 2026 12:49:09 [MY-SERVER] в„№пёЏ INFO: Server Connected Sucessfully
Wed Mar 11 2026 12:49:09 [MY-SERVER] в„№пёЏ INFO: рџ”Өрџ”ӨServer is Running
Wed Mar 11 2026 12:49:56 [MY-SERVER] в„№пёЏ INFO: Server Connected Sucessfully
Wed Mar 11 2026 12:49:56 [MY-SERVER] в„№пёЏ INFO: рџ”Өрџ”ӨServer is Running
Wed Mar 11 2026 12:50:54 [MY-SERVER] в„№пёЏ INFO: Server Connected Sucessfully
Wed Mar 11 2026 12:50:54 [MY-SERVER] в„№пёЏ INFO: рџ”Өрџ”ӨServer is Running
Wed Mar 11 2026 12:51:04 [MY-SERVER] в„№пёЏ INFO: Server Connected Sucessfully
Wed Mar 11 2026 12:51:04 [MY-SERVER] в„№пёЏ INFO: рџ”Өрџ”ӨServer is Running
Wed Mar 11 2026 12:51:11 [MY-SERVER] в„№пёЏ INFO: Server Connected Sucessfully
Wed Mar 11 2026 12:51:11 [MY-SERVER] в„№пёЏ INFO: рџ”Өрџ”ӨServer is Running
Wed Mar 11 2026 12:52:25 [MY-SERVER] в„№пёЏ INFO: Server Connected Sucessfully
Wed Mar 11 2026 12:52:25 [MY-SERVER] в„№пёЏ INFO: рџ”Өрџ”ӨServer is Running
Wed Mar 11 2026 12:53:07 [MY-SERVER] в„№пёЏ INFO: Server Connected Sucessfully
Wed Mar 11 2026 12:53:07 [MY-SERVER] в„№пёЏ INFO: рџ”Өрџ”ӨServer is Running
Wed Mar 11 2026 12:53:26 [MY-SERVER] в„№пёЏ INFO: Server Connected Sucessfully
Wed Mar 11 2026 12:53:26 [MY-SERVER] в„№пёЏ INFO: рџ”Өрџ”ӨServer is Running
Wed Mar 11 2026 12:54:51 [MY-SERVER] в„№пёЏ INFO: Server Connected Sucessfully
Wed Mar 11 2026 12:54:51 [MY-SERVER] в„№пёЏ INFO: рџ”Өрџ”ӨServer is Running
