Thu Mar 12 2026 10:07:38 [MY-SERVER] ℹ️ INFO: [31mA user disconnected: _omfmgP9oVqkYAiWAAAD[39m
Thu Mar 12 2026 10:07:55 [MY-SERVER] ℹ️ INFO: [34mA user connected: RryaWH7jvqqxul1aAAAH[39m
Thu Mar 12 2026 10:08:09 [MY-SERVER] ℹ️ INFO: [31mA user disconnected: RryaWH7jvqqxul1aAAAH[39m
Thu Mar 12 2026 10:08:17 [MY-SERVER] ℹ️ INFO: [34mA user connected: bPnXyr76bP75IKEOAAAJ[39m
Thu Mar 12 2026 10:10:44 [MY-SERVER] ℹ️ INFO: [31mA user disconnected: bPnXyr76bP75IKEOAAAJ[39m
Thu Mar 12 2026 10:11:02 [MY-SERVER] ℹ️ INFO: [34mA user connected: Bnai7_MFMzOwbIBnAAAL[39m
Thu Mar 12 2026 10:12:17 [MY-SERVER] ℹ️ INFO: [31mA user disconnected: Bnai7_MFMzOwbIBnAAAL[39m
Thu Mar 12 2026 10:12:49 [MY-SERVER] ℹ️ INFO: [34mA user connected: hiTsMN_MWg6pBpTZAAAN[39m
Thu Mar 12 2026 10:14:06 [MY-SERVER] ℹ️ INFO: [31mA user disconnected: hiTsMN_MWg6pBpTZAAAN[39m
Thu Mar 12 2026 10:14:14 [MY-SERVER] ℹ️ INFO: [34mA user connected: WUneyGyrou8MpVE9AAAP[39m
Thu Mar 12 2026 10:15:17 [MY-SERVER] ℹ️ INFO: [31mA user disconnected: WUneyGyrou8MpVE9AAAP[39m
Thu Mar 12 2026 10:15:44 [MY-SERVER] ℹ️ INFO: [34mA user connected: iYxl6FwFfiEPd_WtAAAR[39m
Thu Mar 12 2026 10:17:48 [MY-SERVER] ℹ️ INFO: Server Connected Sucessfully
Thu Mar 12 2026 10:17:48 [MY-SERVER] ℹ️ INFO: 🔥🔥Server is Running
Thu Mar 12 2026 10:17:48 [MY-SERVER] ℹ️ INFO: [34mA user connected: Ha51Xu1gt1jI9vw8AAAB[39m
Thu Mar 12 2026 10:18:25 [MY-SERVER] ℹ️ INFO: Server Connected Sucessfully
Thu Mar 12 2026 10:18:25 [MY-SERVER] ℹ️ INFO: 🔥🔥Server is Running
Thu Mar 12 2026 10:18:26 [MY-SERVER] ℹ️ INFO: [34mA user connected: ErAZ_lpHdyTOWYwbAAAB[39m
Thu Mar 12 2026 10:19:40 [MY-SERVER] ℹ️ INFO: Server Connected Sucessfully
Thu Mar 12 2026 10:19:40 [MY-SERVER] ℹ️ INFO: 🔥🔥Server is Running
Thu Mar 12 2026 10:19:40 [MY-SERVER] ℹ️ INFO: [34mA user connected: 0__b9rji0PyopE-aAAAB[39m
Thu Mar 12 2026 10:20:48 [MY-SERVER] ℹ️ INFO: Server Connected Sucessfully
Thu Mar 12 2026 10:20:48 [MY-SERVER] ℹ️ INFO: 🔥🔥Server is Running
Thu Mar 12 2026 10:20:49 [MY-SERVER] ℹ️ INFO: [34mA user connected: CdNlN1TGzvpCz1oiAAAB[39m
Thu Mar 12 2026 10:21:37 [MY-SERVER] ℹ️ INFO: Server Connected Sucessfully
Thu Mar 12 2026 10:21:37 [MY-SERVER] ℹ️ INFO: 🔥🔥Server is Running
Thu Mar 12 2026 10:21:52 [MY-SERVER] ℹ️ INFO: Server Connected Sucessfully
Thu Mar 12 2026 10:21:52 [MY-SERVER] ℹ️ INFO: 🔥🔥Server is Running
Thu Mar 12 2026 10:22:19 [MY-SERVER] ℹ️ INFO: Server Connected Sucessfully
Thu Mar 12 2026 10:22:19 [MY-SERVER] ℹ️ INFO: 🔥🔥Server is Running
Thu Mar 12 2026 10:22:41 [MY-SERVER] ℹ️ INFO: [34mA user connected: AOKzkyoRscrIr73RAAAB[39m
Thu Mar 12 2026 10:32:51 [MY-SERVER] ℹ️ INFO: [31mA user disconnected: AOKzkyoRscrIr73RAAAB[39m
