Thu Mar 12 2026 09:09:46 [MY-SERVER] ℹ️ INFO: [31mA user disconnected: C3AdqUlOA_Pc5YsRAAAF[39m
Thu Mar 12 2026 09:09:55 [MY-SERVER] ℹ️ INFO: [34mA user connected: Rbcf5ZeJ4D9SNBZQAAAH[39m
Thu Mar 12 2026 09:20:19 [MY-SERVER] ℹ️ INFO: [31mA user disconnected: Rbcf5ZeJ4D9SNBZQAAAH[39m
Thu Mar 12 2026 09:20:39 [MY-SERVER] ℹ️ INFO: [34mA user connected: yOJXmxUQcs_KQ7vaAAAJ[39m
Thu Mar 12 2026 09:32:13 [MY-SERVER] ℹ️ INFO: [31mA user disconnected: yOJXmxUQcs_KQ7vaAAAJ[39m
Thu Mar 12 2026 09:32:28 [MY-SERVER] ℹ️ INFO: [34mA user connected: ThJqhH4yWPc7YhokAAAL[39m
Thu Mar 12 2026 09:38:46 [MY-SERVER] ℹ️ INFO: [31mA user disconnected: ThJqhH4yWPc7YhokAAAL[39m
Thu Mar 12 2026 09:39:03 [MY-SERVER] ℹ️ INFO: [34mA user connected: b0B_lop_6S8-61TzAAAN[39m
Thu Mar 12 2026 09:40:23 [MY-SERVER] ℹ️ INFO: [31mA user disconnected: b0B_lop_6S8-61TzAAAN[39m
Thu Mar 12 2026 09:40:31 [MY-SERVER] ℹ️ INFO: [34mA user connected: SHGur022cSM9ce0lAAAP[39m
Thu Mar 12 2026 09:42:06 [MY-SERVER] ℹ️ INFO: [31mA user disconnected: SHGur022cSM9ce0lAAAP[39m
Thu Mar 12 2026 09:42:24 [MY-SERVER] ℹ️ INFO: [34mA user connected: 7xpHbs2YEmwnvTsDAAAR[39m
Thu Mar 12 2026 09:44:24 [MY-SERVER] ℹ️ INFO: [31mA user disconnected: 7xpHbs2YEmwnvTsDAAAR[39m
Thu Mar 12 2026 09:44:32 [MY-SERVER] ℹ️ INFO: [34mA user connected: wnu10nQFRcmo1x-0AAAT[39m
Thu Mar 12 2026 09:48:24 [MY-SERVER] ℹ️ INFO: Server Connected Sucessfully
Thu Mar 12 2026 09:48:24 [MY-SERVER] ℹ️ INFO: 🔥🔥Server is Running
Thu Mar 12 2026 09:48:25 [MY-SERVER] ℹ️ INFO: [34mA user connected: 9FgD-NLMgghy2a1FAAAB[39m
Thu Mar 12 2026 09:52:09 [MY-SERVER] ℹ️ INFO: [31mA user disconnected: 9FgD-NLMgghy2a1FAAAB[39m
Thu Mar 12 2026 09:52:17 [MY-SERVER] ℹ️ INFO: [34mA user connected: _omfmgP9oVqkYAiWAAAD[39m
Thu Mar 12 2026 09:53:07 [MY-SERVER] ℹ️ INFO: [34mA user connected: TFWXXh-cC0-PNUcWAAAF[39m
