Sat Mar 14 2026 09:01:46 [MY-SERVER] в„№пёЏ INFO: Server Connected Sucessfully
Sat Mar 14 2026 09:01:46 [MY-SERVER] в„№пёЏ INFO: рџ”Өрџ”ӨServer is Running
Sat Mar 14 2026 09:01:49 [MY-SERVER] в„№пёЏ INFO: [34mA user connected: KK861scNPg7itj-AAAAB[39m
Sat Mar 14 2026 09:11:05 [MY-SERVER] в„№пёЏ INFO: [31mA user disconnected: KK861scNPg7itj-AAAAB[39m
Sat Mar 14 2026 09:11:29 [MY-SERVER] в„№пёЏ INFO: Server Connected Sucessfully
Sat Mar 14 2026 09:11:29 [MY-SERVER] в„№пёЏ INFO: рџ”Өрџ”ӨServer is Running
Sat Mar 14 2026 09:12:07 [MY-SERVER] в„№пёЏ INFO: [34mA user connected: fi73rr-4iPzcq_KQAAAB[39m
Sat Mar 14 2026 09:12:17 [MY-SERVER] в„№пёЏ INFO: Server Connected Sucessfully
Sat Mar 14 2026 09:12:17 [MY-SERVER] в„№пёЏ INFO: рџ”Өрџ”ӨServer is Running
Sat Mar 14 2026 09:12:18 [MY-SERVER] в„№пёЏ INFO: [34mA user connected: uCYGnvi6tiV83PiDAAAB[39m
Sat Mar 14 2026 09:13:39 [MY-SERVER] в„№пёЏ INFO: [31mA user disconnected: uCYGnvi6tiV83PiDAAAB[39m
Sat Mar 14 2026 09:13:46 [MY-SERVER] в„№пёЏ INFO: [34mA user connected: CBqNTGIvauenoEC8AAAD[39m
Sat Mar 14 2026 09:14:10 [MY-SERVER] в„№пёЏ INFO: [31mA user disconnected: CBqNTGIvauenoEC8AAAD[39m
Sat Mar 14 2026 09:14:17 [MY-SERVER] в„№пёЏ INFO: [34mA user connected: 9PQEgXfLmzhPAu71AAAF[39m
Sat Mar 14 2026 09:14:57 [MY-SERVER] в„№пёЏ INFO: Server Connected Sucessfully
Sat Mar 14 2026 09:14:57 [MY-SERVER] в„№пёЏ INFO: рџ”Өрџ”ӨServer is Running
Sat Mar 14 2026 09:15:01 [MY-SERVER] в„№пёЏ INFO: [34mA user connected: xRyS9EWeTjK54Ur5AAAB[39m
Sat Mar 14 2026 09:26:28 [MY-SERVER] в„№пёЏ INFO: [31mA user disconnected: xRyS9EWeTjK54Ur5AAAB[39m
Sat Mar 14 2026 09:27:10 [MY-SERVER] в„№пёЏ INFO: [34mA user connected: xZbutLvzbcbVQVt7AAAD[39m
Sat Mar 14 2026 09:29:06 [MY-SERVER] в„№пёЏ INFO: Server Connected Sucessfully
Sat Mar 14 2026 09:29:06 [MY-SERVER] в„№пёЏ INFO: рџ”Өрџ”ӨServer is Running
Sat Mar 14 2026 09:29:06 [MY-SERVER] в„№пёЏ INFO: [34mA user connected: 2NytDNwn7mnjl-_6AAAB[39m
Sat Mar 14 2026 09:41:15 [MY-SERVER] в„№пёЏ INFO: Server Connected Sucessfully
Sat Mar 14 2026 09:41:15 [MY-SERVER] в„№пёЏ INFO: рџ”Өрџ”ӨServer is Running
Sat Mar 14 2026 09:41:16 [MY-SERVER] в„№пёЏ INFO: [34mA user connected: 39H5fol4TTn3jVPjAAAB[39m
Sat Mar 14 2026 09:41:29 [MY-SERVER] в„№пёЏ INFO: Server Connected Sucessfully
Sat Mar 14 2026 09:41:29 [MY-SERVER] в„№пёЏ INFO: рџ”Өрџ”ӨServer is Running
Sat Mar 14 2026 09:41:31 [MY-SERVER] в„№пёЏ INFO: [34mA user connected: h8RVlguKD4U5jdkCAAAB[39m
Sat Mar 14 2026 09:43:10 [MY-SERVER] в„№пёЏ INFO: Server Connected Sucessfully
Sat Mar 14 2026 09:43:10 [MY-SERVER] в„№пёЏ INFO: рџ”Өрџ”ӨServer is Running
Sat Mar 14 2026 09:43:11 [MY-SERVER] в„№пёЏ INFO: [34mA user connected: Amr4hpd3q6bFxarzAAAB[39m
Sat Mar 14 2026 09:43:43 [MY-SERVER] в„№пёЏ INFO: Server Connected Sucessfully
Sat Mar 14 2026 09:43:43 [MY-SERVER] в„№пёЏ INFO: рџ”Өрџ”ӨServer is Running
Sat Mar 14 2026 09:43:46 [MY-SERVER] в„№пёЏ INFO: Server Connected Sucessfully
Sat Mar 14 2026 09:43:46 [MY-SERVER] в„№пёЏ INFO: рџ”Өрџ”ӨServer is Running
Sat Mar 14 2026 09:43:51 [MY-SERVER] в„№пёЏ INFO: [34mA user connected: t20bNhUhBYPtRnFKAAAB[39m
Sat Mar 14 2026 09:44:02 [MY-SERVER] в„№пёЏ INFO: Server Connected Sucessfully
Sat Mar 14 2026 09:44:02 [MY-SERVER] в„№пёЏ INFO: рџ”Өрџ”ӨServer is Running
Sat Mar 14 2026 09:44:02 [MY-SERVER] в„№пёЏ INFO: [34mA user connected: 4UY7alDduPb8ghAWAAAB[39m
Sat Mar 14 2026 09:44:29 [MY-SERVER] в„№пёЏ INFO: Server Connected Sucessfully
Sat Mar 14 2026 09:44:29 [MY-SERVER] в„№пёЏ INFO: рџ”Өрџ”ӨServer is Running
Sat Mar 14 2026 09:44:29 [MY-SERVER] в„№пёЏ INFO: [34mA user connected: 3O6fYv0jR3AJv-ZVAAAB[39m
Sat Mar 14 2026 09:45:07 [MY-SERVER] в„№пёЏ INFO: Server Connected Sucessfully
Sat Mar 14 2026 09:45:07 [MY-SERVER] в„№пёЏ INFO: рџ”Өрџ”ӨServer is Running
Sat Mar 14 2026 09:45:07 [MY-SERVER] в„№пёЏ INFO: [34mA user connected: uPkUVPxqA933DRWKAAAB[39m
Sat Mar 14 2026 09:45:15 [MY-SERVER] в„№пёЏ INFO: [31mA user disconnected: uPkUVPxqA933DRWKAAAB[39m
Sat Mar 14 2026 09:45:23 [MY-SERVER] в„№пёЏ INFO: [34mA user connected: yWsha72r5syLmy5aAAAD[39m
Sat Mar 14 2026 09:46:52 [MY-SERVER] в„№пёЏ INFO: Server Connected Sucessfully
Sat Mar 14 2026 09:46:52 [MY-SERVER] в„№пёЏ INFO: рџ”Өрџ”ӨServer is Running
Sat Mar 14 2026 09:46:54 [MY-SERVER] в„№пёЏ INFO: [34mA user connected: MuKACWTq0MNyQcCzAAAB[39m
Sat Mar 14 2026 09:47:02 [MY-SERVER] в„№пёЏ INFO: Server Connected Sucessfully
Sat Mar 14 2026 09:47:02 [MY-SERVER] в„№пёЏ INFO: рџ”Өрџ”ӨServer is Running
Sat Mar 14 2026 09:47:03 [MY-SERVER] в„№пёЏ INFO: [34mA user connected: Iq56d0umnbrf5NOEAAAB[39m
Sat Mar 14 2026 09:48:02 [MY-SERVER] в„№пёЏ INFO: Server Connected Sucessfully
Sat Mar 14 2026 09:48:02 [MY-SERVER] в„№пёЏ INFO: рџ”Өрџ”ӨServer is Running
Sat Mar 14 2026 09:48:03 [MY-SERVER] в„№пёЏ INFO: [34mA user connected: HPbVYyNlqKKl0wz3AAAB[39m
Sat Mar 14 2026 09:48:39 [MY-SERVER] в„№пёЏ INFO: [31mA user disconnected: HPbVYyNlqKKl0wz3AAAB[39m
Sat Mar 14 2026 09:48:47 [MY-SERVER] в„№пёЏ INFO: [34mA user connected: igQmTChbSJWlN6BlAAAD[39m
Sat Mar 14 2026 09:48:52 [MY-SERVER] в„№пёЏ INFO: Server Connected Sucessfully
Sat Mar 14 2026 09:48:52 [MY-SERVER] в„№пёЏ INFO: рџ”Өрџ”ӨServer is Running
Sat Mar 14 2026 09:48:53 [MY-SERVER] в„№пёЏ INFO: [34mA user connected: SUgNcyr2LJkq0CzPAAAB[39m
Sat Mar 14 2026 09:50:52 [MY-SERVER] в„№пёЏ INFO: [31mA user disconnected: SUgNcyr2LJkq0CzPAAAB[39m
Sat Mar 14 2026 09:51:00 [MY-SERVER] в„№пёЏ INFO: [34mA user connected: l952ETjt1m0q3mjxAAAD[39m
Sat Mar 14 2026 09:52:38 [MY-SERVER] в„№пёЏ INFO: [31mA user disconnected: l952ETjt1m0q3mjxAAAD[39m
Sat Mar 14 2026 09:52:45 [MY-SERVER] в„№пёЏ INFO: [34mA user connected: 1UYhwOutfnR3kPEKAAAF[39m
