Sat Mar 14 2026 11:00:04 [MY-SERVER] ℹ️ INFO: Server Connected Sucessfully
Sat Mar 14 2026 11:00:04 [MY-SERVER] ℹ️ INFO: 🔥🔥Server is Running
Sat Mar 14 2026 11:00:05 [MY-SERVER] ℹ️ INFO: [34mA user connected: NwFMGQcjthLNWFcoAAAB[39m
Sat Mar 14 2026 11:01:17 [MY-SERVER] ℹ️ INFO: Server Connected Sucessfully
Sat Mar 14 2026 11:01:17 [MY-SERVER] ℹ️ INFO: 🔥🔥Server is Running
Sat Mar 14 2026 11:01:22 [MY-SERVER] ℹ️ INFO: [34mA user connected: 2I4pgnX0L9J46KTjAAAB[39m
Sat Mar 14 2026 11:02:23 [MY-SERVER] ℹ️ INFO: Server Connected Sucessfully
Sat Mar 14 2026 11:02:23 [MY-SERVER] ℹ️ INFO: 🔥🔥Server is Running
Sat Mar 14 2026 11:02:23 [MY-SERVER] ℹ️ INFO: [34mA user connected: tjFs_tYTJLMydwrvAAAB[39m
Sat Mar 14 2026 11:05:17 [MY-SERVER] ℹ️ INFO: Server Connected Sucessfully
Sat Mar 14 2026 11:05:17 [MY-SERVER] ℹ️ INFO: 🔥🔥Server is Running
Sat Mar 14 2026 11:05:18 [MY-SERVER] ℹ️ INFO: [34mA user connected: NaAVNEkaCrPCrRbrAAAB[39m
Sat Mar 14 2026 11:11:38 [MY-SERVER] ℹ️ INFO: Server Connected Sucessfully
Sat Mar 14 2026 11:11:38 [MY-SERVER] ℹ️ INFO: 🔥🔥Server is Running
Sat Mar 14 2026 11:11:40 [MY-SERVER] ℹ️ INFO: [34mA user connected: sm00ROIi5RaGyT2NAAAB[39m
Sat Mar 14 2026 11:11:51 [MY-SERVER] ℹ️ INFO: Server Connected Sucessfully
Sat Mar 14 2026 11:11:51 [MY-SERVER] ℹ️ INFO: 🔥🔥Server is Running
Sat Mar 14 2026 11:11:53 [MY-SERVER] ℹ️ INFO: [34mA user connected: SUvcvawYHHODHxOjAAAB[39m
Sat Mar 14 2026 11:16:45 [MY-SERVER] ℹ️ INFO: [31mA user disconnected: SUvcvawYHHODHxOjAAAB[39m
Sat Mar 14 2026 11:16:52 [MY-SERVER] ℹ️ INFO: [34mA user connected: diLbRK5YpI07qSVuAAAD[39m
Sat Mar 14 2026 11:17:20 [MY-SERVER] ℹ️ INFO: [31mA user disconnected: diLbRK5YpI07qSVuAAAD[39m
Sat Mar 14 2026 11:17:27 [MY-SERVER] ℹ️ INFO: [34mA user connected: xLOPO6a1bZzFt3L0AAAF[39m
Sat Mar 14 2026 11:18:32 [MY-SERVER] ℹ️ INFO: [31mA user disconnected: xLOPO6a1bZzFt3L0AAAF[39m
Sat Mar 14 2026 11:19:08 [MY-SERVER] ℹ️ INFO: [34mA user connected: bMqy7EoJj4yL_s92AAAH[39m
Sat Mar 14 2026 11:20:47 [MY-SERVER] ℹ️ INFO: [31mA user disconnected: bMqy7EoJj4yL_s92AAAH[39m
Sat Mar 14 2026 11:20:55 [MY-SERVER] ℹ️ INFO: [34mA user connected: rIw_mqPzPkwLlXtGAAAJ[39m
Sat Mar 14 2026 11:25:35 [MY-SERVER] ℹ️ INFO: [31mA user disconnected: rIw_mqPzPkwLlXtGAAAJ[39m
Sat Mar 14 2026 11:26:14 [MY-SERVER] ℹ️ INFO: [34mA user connected: KeXBt89OUqtoa2iGAAAL[39m
Sat Mar 14 2026 11:31:40 [MY-SERVER] ℹ️ INFO: [31mA user disconnected: KeXBt89OUqtoa2iGAAAL[39m
Sat Mar 14 2026 11:31:48 [MY-SERVER] ℹ️ INFO: [34mA user connected: ebX_XvKi_HY5UsCxAAAN[39m
Sat Mar 14 2026 11:41:03 [MY-SERVER] ℹ️ INFO: [31mA user disconnected: ebX_XvKi_HY5UsCxAAAN[39m
Sat Mar 14 2026 11:41:41 [MY-SERVER] ℹ️ INFO: [34mA user connected: 8YtoswBBxLYGciJpAAAP[39m
Sat Mar 14 2026 11:43:21 [MY-SERVER] ℹ️ INFO: [31mA user disconnected: 8YtoswBBxLYGciJpAAAP[39m
Sat Mar 14 2026 11:43:56 [MY-SERVER] ℹ️ INFO: [34mA user connected: JYvxltqCPCr5GzejAAAR[39m
Sat Mar 14 2026 11:44:00 [MY-SERVER] ℹ️ INFO: [31mA user disconnected: JYvxltqCPCr5GzejAAAR[39m
Sat Mar 14 2026 11:44:08 [MY-SERVER] ℹ️ INFO: [34mA user connected: 5JgGr4b1KdhEXCTFAAAT[39m
Sat Mar 14 2026 11:44:27 [MY-SERVER] ℹ️ INFO: [31mA user disconnected: 5JgGr4b1KdhEXCTFAAAT[39m
Sat Mar 14 2026 11:45:05 [MY-SERVER] ℹ️ INFO: [34mA user connected: OSFgfGSra6Qg_TE8AAAV[39m
Sat Mar 14 2026 11:47:27 [MY-SERVER] ℹ️ INFO: Server Connected Sucessfully
Sat Mar 14 2026 11:47:27 [MY-SERVER] ℹ️ INFO: 🔥🔥Server is Running
Sat Mar 14 2026 11:47:27 [MY-SERVER] ℹ️ INFO: [34mA user connected: oHACtPtEU4aMSg_OAAAB[39m
Sat Mar 14 2026 11:58:33 [MY-SERVER] ℹ️ INFO: [31mA user disconnected: oHACtPtEU4aMSg_OAAAB[39m
Sat Mar 14 2026 11:58:41 [MY-SERVER] ℹ️ INFO: [34mA user connected: tBms1G0fXugA8M5DAAAD[39m
Sat Mar 14 2026 11:59:12 [MY-SERVER] ℹ️ INFO: [31mA user disconnected: tBms1G0fXugA8M5DAAAD[39m
Sat Mar 14 2026 11:59:19 [MY-SERVER] ℹ️ INFO: [34mA user connected: Sgb2GJ8OYaGy0zbnAAAF[39m
