Sat Mar 14 2026 08:10:26 [MY-SERVER] в„№пёЏ INFO: Server Connected Sucessfully
Sat Mar 14 2026 08:10:26 [MY-SERVER] в„№пёЏ INFO: рџ”Өрџ”ӨServer is Running
Sat Mar 14 2026 08:19:11 [MY-SERVER] в„№пёЏ INFO: [34mA user connected: MROjtoRcLUJwjPoFAAAB[39m
Sat Mar 14 2026 08:20:44 [MY-SERVER] в„№пёЏ INFO: [31mA user disconnected: MROjtoRcLUJwjPoFAAAB[39m
Sat Mar 14 2026 08:21:27 [MY-SERVER] в„№пёЏ INFO: [34mA user connected: PdPbE0Ws13AqFbvBAAAD[39m
Sat Mar 14 2026 08:26:26 [MY-SERVER] в„№пёЏ INFO: Server Connected Sucessfully
Sat Mar 14 2026 08:26:26 [MY-SERVER] в„№пёЏ INFO: рџ”Өрџ”ӨServer is Running
Sat Mar 14 2026 08:26:30 [MY-SERVER] в„№пёЏ INFO: [34mA user connected: UCBXfo4DaXVrCoC6AAAB[39m
Sat Mar 14 2026 08:27:15 [MY-SERVER] в„№пёЏ INFO: Server Connected Sucessfully
Sat Mar 14 2026 08:27:15 [MY-SERVER] в„№пёЏ INFO: рџ”Өрџ”ӨServer is Running
Sat Mar 14 2026 08:27:15 [MY-SERVER] в„№пёЏ INFO: [34mA user connected: Mb8gc2eDn8amVB0oAAAB[39m
Sat Mar 14 2026 08:29:33 [MY-SERVER] в„№пёЏ INFO: Server Connected Sucessfully
Sat Mar 14 2026 08:29:33 [MY-SERVER] в„№пёЏ INFO: рџ”Өрџ”ӨServer is Running
Sat Mar 14 2026 08:29:34 [MY-SERVER] в„№пёЏ INFO: [34mA user connected: PXOFoTGb_r1awO5YAAAB[39m
Sat Mar 14 2026 08:31:46 [MY-SERVER] в„№пёЏ INFO: Server Connected Sucessfully
Sat Mar 14 2026 08:31:46 [MY-SERVER] в„№пёЏ INFO: рџ”Өрџ”ӨServer is Running
Sat Mar 14 2026 08:31:47 [MY-SERVER] в„№пёЏ INFO: [34mA user connected: bmz91t6kmT4cLxvaAAAB[39m
Sat Mar 14 2026 08:32:12 [MY-SERVER] в„№пёЏ INFO: Server Connected Sucessfully
Sat Mar 14 2026 08:32:12 [MY-SERVER] в„№пёЏ INFO: рџ”Өрџ”ӨServer is Running
Sat Mar 14 2026 08:32:13 [MY-SERVER] в„№пёЏ INFO: [34mA user connected: vNXAPYjtjGNkqclbAAAB[39m
Sat Mar 14 2026 08:33:05 [MY-SERVER] в„№пёЏ INFO: Server Connected Sucessfully
Sat Mar 14 2026 08:33:05 [MY-SERVER] в„№пёЏ INFO: рџ”Өрџ”ӨServer is Running
Sat Mar 14 2026 08:33:08 [MY-SERVER] в„№пёЏ INFO: [34mA user connected: tWzBZFNrpuKBgNxnAAAB[39m
Sat Mar 14 2026 08:43:04 [MY-SERVER] в„№пёЏ INFO: Server Connected Sucessfully
Sat Mar 14 2026 08:43:04 [MY-SERVER] в„№пёЏ INFO: рџ”Өрџ”ӨServer is Running
Sat Mar 14 2026 08:43:06 [MY-SERVER] в„№пёЏ INFO: [34mA user connected: SP3Rv6mVSe_UI9fZAAAB[39m
Sat Mar 14 2026 08:43:20 [MY-SERVER] в„№пёЏ INFO: [31mA user disconnected: SP3Rv6mVSe_UI9fZAAAB[39m
Sat Mar 14 2026 08:43:29 [MY-SERVER] в„№пёЏ INFO: [34mA user connected: 4yhj4tDBQkkNkZO3AAAD[39m
Sat Mar 14 2026 08:48:21 [MY-SERVER] в„№пёЏ INFO: Server Connected Sucessfully
Sat Mar 14 2026 08:48:21 [MY-SERVER] в„№пёЏ INFO: рџ”Өрџ”ӨServer is Running
Sat Mar 14 2026 08:48:22 [MY-SERVER] в„№пёЏ INFO: [34mA user connected: iRK9WAFDe0Xb_ng-AAAB[39m
Sat Mar 14 2026 08:49:34 [MY-SERVER] в„№пёЏ INFO: Server Connected Sucessfully
Sat Mar 14 2026 08:49:34 [MY-SERVER] в„№пёЏ INFO: рџ”Өрџ”ӨServer is Running
Sat Mar 14 2026 08:49:38 [MY-SERVER] в„№пёЏ INFO: Server Connected Sucessfully
Sat Mar 14 2026 08:49:38 [MY-SERVER] в„№пёЏ INFO: рџ”Өрџ”ӨServer is Running
Sat Mar 14 2026 08:49:38 [MY-SERVER] в„№пёЏ INFO: [34mA user connected: QY7iizhj_P1q_Eg-AAAB[39m
Sat Mar 14 2026 08:50:11 [MY-SERVER] в„№пёЏ INFO: Server Connected Sucessfully
Sat Mar 14 2026 08:50:11 [MY-SERVER] в„№пёЏ INFO: рџ”Өрџ”ӨServer is Running
Sat Mar 14 2026 08:50:12 [MY-SERVER] в„№пёЏ INFO: [34mA user connected: Wyxh4Tu8Td7NS41gAAAB[39m
Sat Mar 14 2026 08:50:16 [MY-SERVER] в„№пёЏ INFO: Server Connected Sucessfully
Sat Mar 14 2026 08:50:16 [MY-SERVER] в„№пёЏ INFO: рџ”Өрџ”ӨServer is Running
Sat Mar 14 2026 08:50:18 [MY-SERVER] в„№пёЏ INFO: [34mA user connected: uWWbqKqvu95B2iGnAAAB[39m
Sat Mar 14 2026 08:50:48 [MY-SERVER] в„№пёЏ INFO: Server Connected Sucessfully
Sat Mar 14 2026 08:50:48 [MY-SERVER] в„№пёЏ INFO: рџ”Өрџ”ӨServer is Running
Sat Mar 14 2026 08:50:48 [MY-SERVER] в„№пёЏ INFO: [34mA user connected: 63HKWZfuzRipWm2rAAAB[39m
Sat Mar 14 2026 08:51:09 [MY-SERVER] в„№пёЏ INFO: Server Connected Sucessfully
Sat Mar 14 2026 08:51:09 [MY-SERVER] в„№пёЏ INFO: рџ”Өрџ”ӨServer is Running
Sat Mar 14 2026 08:51:09 [MY-SERVER] в„№пёЏ INFO: [34mA user connected: wkB7rZIVbKNPjZV7AAAB[39m
Sat Mar 14 2026 08:54:16 [MY-SERVER] в„№пёЏ INFO: Server Connected Sucessfully
Sat Mar 14 2026 08:54:16 [MY-SERVER] в„№пёЏ INFO: рџ”Өрџ”ӨServer is Running
Sat Mar 14 2026 08:54:17 [MY-SERVER] в„№пёЏ INFO: [34mA user connected: e1yG1CtInRGEny3yAAAB[39m
Sat Mar 14 2026 08:55:29 [MY-SERVER] в„№пёЏ INFO: [31mA user disconnected: e1yG1CtInRGEny3yAAAB[39m
Sat Mar 14 2026 08:55:36 [MY-SERVER] в„№пёЏ INFO: [34mA user connected: Vk35cvinscTUpxa2AAAD[39m
