Sat Mar 14 2026 14:03:51 [MY-SERVER] в„№пёЏ INFO: [31mA user disconnected: _FL2D19jrGpvBpgfAAAD[39m
Sat Mar 14 2026 14:04:06 [MY-SERVER] в„№пёЏ INFO: Server Connected Sucessfully
Sat Mar 14 2026 14:04:06 [MY-SERVER] в„№пёЏ INFO: рџ”Өрџ”ӨServer is Running
Sat Mar 14 2026 14:04:29 [MY-SERVER] в„№пёЏ INFO: [34mA user connected: sKQCxvQWR9No0oGbAAAB[39m
Sat Mar 14 2026 14:06:06 [MY-SERVER] в„№пёЏ INFO: Server Connected Sucessfully
Sat Mar 14 2026 14:06:06 [MY-SERVER] в„№пёЏ INFO: рџ”Өрџ”ӨServer is Running
Sat Mar 14 2026 14:06:08 [MY-SERVER] в„№пёЏ INFO: [34mA user connected: XmDqYJjVbpqQoHy_AAAB[39m
Sat Mar 14 2026 14:06:28 [MY-SERVER] в„№пёЏ INFO: Server Connected Sucessfully
Sat Mar 14 2026 14:06:28 [MY-SERVER] в„№пёЏ INFO: рџ”Өрџ”ӨServer is Running
Sat Mar 14 2026 14:06:30 [MY-SERVER] в„№пёЏ INFO: [34mA user connected: KoLgWWTxeeHWDHqkAAAB[39m
Sat Mar 14 2026 14:06:36 [MY-SERVER] в„№пёЏ INFO: Server Connected Sucessfully
Sat Mar 14 2026 14:06:36 [MY-SERVER] в„№пёЏ INFO: рџ”Өрџ”ӨServer is Running
Sat Mar 14 2026 14:06:38 [MY-SERVER] в„№пёЏ INFO: [34mA user connected: W4kBp2PqR-p_b4zjAAAB[39m
Sat Mar 14 2026 14:06:44 [MY-SERVER] в„№пёЏ INFO: Server Connected Sucessfully
Sat Mar 14 2026 14:06:44 [MY-SERVER] в„№пёЏ INFO: рџ”Өрџ”ӨServer is Running
Sat Mar 14 2026 14:06:45 [MY-SERVER] в„№пёЏ INFO: [34mA user connected: gdCPxHD3lbm-lhm9AAAB[39m
Sat Mar 14 2026 14:06:58 [MY-SERVER] в„№пёЏ INFO: Server Connected Sucessfully
Sat Mar 14 2026 14:06:58 [MY-SERVER] в„№пёЏ INFO: рџ”Өрџ”ӨServer is Running
Sat Mar 14 2026 14:07:01 [MY-SERVER] в„№пёЏ INFO: [34mA user connected: w7uINy_9yccrJCjaAAAB[39m
Sat Mar 14 2026 14:07:20 [MY-SERVER] в„№пёЏ INFO: Server Connected Sucessfully
Sat Mar 14 2026 14:07:20 [MY-SERVER] в„№пёЏ INFO: рџ”Өрџ”ӨServer is Running
Sat Mar 14 2026 14:07:21 [MY-SERVER] в„№пёЏ INFO: [34mA user connected: 5ilLiEnC95giJoxHAAAB[39m
Sat Mar 14 2026 14:07:42 [MY-SERVER] в„№пёЏ INFO: Server Connected Sucessfully
Sat Mar 14 2026 14:07:42 [MY-SERVER] в„№пёЏ INFO: рџ”Өрџ”ӨServer is Running
Sat Mar 14 2026 14:07:43 [MY-SERVER] в„№пёЏ INFO: [34mA user connected: iDit9_0U3sKangrrAAAB[39m
Sat Mar 14 2026 14:08:12 [MY-SERVER] в„№пёЏ INFO: Server Connected Sucessfully
Sat Mar 14 2026 14:08:12 [MY-SERVER] в„№пёЏ INFO: рџ”Өрџ”ӨServer is Running
Sat Mar 14 2026 14:08:14 [MY-SERVER] в„№пёЏ INFO: [34mA user connected: hx1U_RIpE__11NxgAAAB[39m
Sat Mar 14 2026 14:08:44 [MY-SERVER] в„№пёЏ INFO: Server Connected Sucessfully
Sat Mar 14 2026 14:08:44 [MY-SERVER] в„№пёЏ INFO: рџ”Өрџ”ӨServer is Running
Sat Mar 14 2026 14:08:47 [MY-SERVER] в„№пёЏ INFO: [34mA user connected: S_5qPqxOMz9tEw67AAAB[39m
Sat Mar 14 2026 14:09:33 [MY-SERVER] в„№пёЏ INFO: Server Connected Sucessfully
Sat Mar 14 2026 14:09:33 [MY-SERVER] в„№пёЏ INFO: рџ”Өрџ”ӨServer is Running
Sat Mar 14 2026 14:09:33 [MY-SERVER] в„№пёЏ INFO: [34mA user connected: udR1zmjrkWeKr5DIAAAB[39m
Sat Mar 14 2026 14:17:47 [MY-SERVER] в„№пёЏ INFO: [31mA user disconnected: udR1zmjrkWeKr5DIAAAB[39m
Sat Mar 14 2026 14:17:54 [MY-SERVER] в„№пёЏ INFO: [34mA user connected: mRtd9oZtBf2v1Yd5AAAD[39m
Sat Mar 14 2026 14:35:13 [MY-SERVER] в„№пёЏ INFO: [34mA user connected: 9yErQCZlCH4Yl7hMAAAF[39m
Sat Mar 14 2026 14:39:38 [MY-SERVER] в„№пёЏ INFO: [31mA user disconnected: 9yErQCZlCH4Yl7hMAAAF[39m
Sat Mar 14 2026 14:40:31 [MY-SERVER] в„№пёЏ INFO: [31mA user disconnected: mRtd9oZtBf2v1Yd5AAAD[39m
