Sat Mar 14 2026 10:02:54 [MY-SERVER] ℹ️ INFO: [31mA user disconnected: 1UYhwOutfnR3kPEKAAAF[39m
Sat Mar 14 2026 10:03:02 [MY-SERVER] ℹ️ INFO: [34mA user connected: sQScgJiQcCY_7BJSAAAH[39m
Sat Mar 14 2026 10:14:33 [MY-SERVER] ℹ️ INFO: [31mA user disconnected: sQScgJiQcCY_7BJSAAAH[39m
Sat Mar 14 2026 10:14:40 [MY-SERVER] ℹ️ INFO: [34mA user connected: yy-7vBWohk5A8c5qAAAJ[39m
Sat Mar 14 2026 10:15:29 [MY-SERVER] ℹ️ INFO: Server Connected Sucessfully
Sat Mar 14 2026 10:15:29 [MY-SERVER] ℹ️ INFO: 🔥🔥Server is Running
Sat Mar 14 2026 10:15:29 [MY-SERVER] ℹ️ INFO: [34mA user connected: RnPGq_ZJSC4XSUN8AAAB[39m
Sat Mar 14 2026 10:15:43 [MY-SERVER] ℹ️ INFO: [31mA user disconnected: RnPGq_ZJSC4XSUN8AAAB[39m
Sat Mar 14 2026 10:15:49 [MY-SERVER] ℹ️ INFO: [34mA user connected: -GFAssx358CQ0DREAAAD[39m
Sat Mar 14 2026 10:22:08 [MY-SERVER] ℹ️ INFO: [31mA user disconnected: -GFAssx358CQ0DREAAAD[39m
Sat Mar 14 2026 10:22:16 [MY-SERVER] ℹ️ INFO: [34mA user connected: 18PTj7OjAXBF6NjkAAAF[39m
Sat Mar 14 2026 10:22:25 [MY-SERVER] ℹ️ INFO: [31mA user disconnected: 18PTj7OjAXBF6NjkAAAF[39m
Sat Mar 14 2026 10:23:22 [MY-SERVER] ℹ️ INFO: [34mA user connected: ODCdggyTndLhNeCOAAAH[39m
Sat Mar 14 2026 10:29:24 [MY-SERVER] ℹ️ INFO: [31mA user disconnected: ODCdggyTndLhNeCOAAAH[39m
Sat Mar 14 2026 10:29:32 [MY-SERVER] ℹ️ INFO: [34mA user connected: 9_FOkdrUct0PWBlUAAAJ[39m
Sat Mar 14 2026 10:35:16 [MY-SERVER] ℹ️ INFO: [31mA user disconnected: 9_FOkdrUct0PWBlUAAAJ[39m
Sat Mar 14 2026 10:35:24 [MY-SERVER] ℹ️ INFO: [34mA user connected: b6wM8rPY7qz05IWaAAAL[39m
Sat Mar 14 2026 10:40:50 [MY-SERVER] ℹ️ INFO: Server Connected Sucessfully
Sat Mar 14 2026 10:40:50 [MY-SERVER] ℹ️ INFO: 🔥🔥Server is Running
Sat Mar 14 2026 10:40:52 [MY-SERVER] ℹ️ INFO: [34mA user connected: O_n6Cr6qGOgCYmyaAAAB[39m
Sat Mar 14 2026 10:41:18 [MY-SERVER] ℹ️ INFO: [31mA user disconnected: O_n6Cr6qGOgCYmyaAAAB[39m
Sat Mar 14 2026 10:41:54 [MY-SERVER] ℹ️ INFO: [34mA user connected: gwBXHZdOg2CF1tS4AAAD[39m
Sat Mar 14 2026 10:43:08 [MY-SERVER] ℹ️ INFO: [31mA user disconnected: gwBXHZdOg2CF1tS4AAAD[39m
Sat Mar 14 2026 10:43:16 [MY-SERVER] ℹ️ INFO: [34mA user connected: YfgBv_x6mWHZWdhFAAAF[39m
Sat Mar 14 2026 10:43:38 [MY-SERVER] ℹ️ INFO: Server Connected Sucessfully
Sat Mar 14 2026 10:43:38 [MY-SERVER] ℹ️ INFO: 🔥🔥Server is Running
Sat Mar 14 2026 10:43:39 [MY-SERVER] ℹ️ INFO: [34mA user connected: duONuN3MOKmwzRGcAAAB[39m
Sat Mar 14 2026 10:47:13 [MY-SERVER] ℹ️ INFO: Server Connected Sucessfully
Sat Mar 14 2026 10:47:13 [MY-SERVER] ℹ️ INFO: 🔥🔥Server is Running
Sat Mar 14 2026 10:47:15 [MY-SERVER] ℹ️ INFO: [34mA user connected: qS3FpjAirEyxFz4VAAAB[39m
Sat Mar 14 2026 10:47:57 [MY-SERVER] ℹ️ INFO: Server Connected Sucessfully
Sat Mar 14 2026 10:47:57 [MY-SERVER] ℹ️ INFO: 🔥🔥Server is Running
Sat Mar 14 2026 10:47:57 [MY-SERVER] ℹ️ INFO: [34mA user connected: ApZiQivJm-cRx9wjAAAB[39m
Sat Mar 14 2026 10:54:29 [MY-SERVER] ℹ️ INFO: Server Connected Sucessfully
Sat Mar 14 2026 10:54:29 [MY-SERVER] ℹ️ INFO: 🔥🔥Server is Running
Sat Mar 14 2026 10:54:30 [MY-SERVER] ℹ️ INFO: [34mA user connected: YXHOfK95F6nsQSBRAAAB[39m
Sat Mar 14 2026 10:54:47 [MY-SERVER] ℹ️ INFO: Server Connected Sucessfully
Sat Mar 14 2026 10:54:47 [MY-SERVER] ℹ️ INFO: 🔥🔥Server is Running
Sat Mar 14 2026 10:54:47 [MY-SERVER] ℹ️ INFO: [34mA user connected: Vwn0YbVGkWBzmySAAAAB[39m
Sat Mar 14 2026 10:55:12 [MY-SERVER] ℹ️ INFO: Server Connected Sucessfully
Sat Mar 14 2026 10:55:12 [MY-SERVER] ℹ️ INFO: 🔥🔥Server is Running
Sat Mar 14 2026 10:55:15 [MY-SERVER] ℹ️ INFO: [34mA user connected: xsc0DGeR005Os1H1AAAB[39m
Sat Mar 14 2026 10:55:36 [MY-SERVER] ℹ️ INFO: Server Connected Sucessfully
Sat Mar 14 2026 10:55:36 [MY-SERVER] ℹ️ INFO: 🔥🔥Server is Running
Sat Mar 14 2026 10:55:37 [MY-SERVER] ℹ️ INFO: [34mA user connected: uOG0-xFxdcnmXkVYAAAB[39m
Sat Mar 14 2026 10:55:57 [MY-SERVER] ℹ️ INFO: Server Connected Sucessfully
Sat Mar 14 2026 10:55:57 [MY-SERVER] ℹ️ INFO: 🔥🔥Server is Running
Sat Mar 14 2026 10:55:58 [MY-SERVER] ℹ️ INFO: [34mA user connected: TC-rrSXqm1u2YpVCAAAB[39m
Sat Mar 14 2026 10:56:08 [MY-SERVER] ℹ️ INFO: Server Connected Sucessfully
Sat Mar 14 2026 10:56:08 [MY-SERVER] ℹ️ INFO: 🔥🔥Server is Running
Sat Mar 14 2026 10:56:08 [MY-SERVER] ℹ️ INFO: [34mA user connected: l3vfb-0zcOlfU8N6AAAB[39m
