Sat Mar 14 2026 12:04:55 [MY-SERVER] ℹ️ INFO: [31mA user disconnected: Sgb2GJ8OYaGy0zbnAAAF[39m
Sat Mar 14 2026 12:05:32 [MY-SERVER] ℹ️ INFO: [34mA user connected: fEFesKMkfVWY-PksAAAH[39m
Sat Mar 14 2026 12:06:10 [MY-SERVER] ℹ️ INFO: Server Connected Sucessfully
Sat Mar 14 2026 12:06:10 [MY-SERVER] ℹ️ INFO: 🔥🔥Server is Running
Sat Mar 14 2026 12:06:12 [MY-SERVER] ℹ️ INFO: [34mA user connected: ihTE75AmYWyInR86AAAB[39m
Sat Mar 14 2026 12:06:34 [MY-SERVER] ℹ️ INFO: Server Connected Sucessfully
Sat Mar 14 2026 12:06:34 [MY-SERVER] ℹ️ INFO: 🔥🔥Server is Running
Sat Mar 14 2026 12:06:38 [MY-SERVER] ℹ️ INFO: [34mA user connected: IsLC9cnikwS9yDtbAAAB[39m
Sat Mar 14 2026 12:10:00 [MY-SERVER] ℹ️ INFO: [31mA user disconnected: IsLC9cnikwS9yDtbAAAB[39m
Sat Mar 14 2026 12:10:08 [MY-SERVER] ℹ️ INFO: [34mA user connected: ygg6n64iOLuYqBq5AAAD[39m
Sat Mar 14 2026 12:10:22 [MY-SERVER] ℹ️ INFO: [31mA user disconnected: ygg6n64iOLuYqBq5AAAD[39m
Sat Mar 14 2026 12:10:29 [MY-SERVER] ℹ️ INFO: [34mA user connected: zQFWaeYiwfsx_hp7AAAF[39m
Sat Mar 14 2026 12:22:47 [MY-SERVER] ℹ️ INFO: [31mA user disconnected: zQFWaeYiwfsx_hp7AAAF[39m
Sat Mar 14 2026 12:23:22 [MY-SERVER] ℹ️ INFO: [34mA user connected: tDKD4w2Cr-4BrqqdAAAH[39m
Sat Mar 14 2026 12:24:58 [MY-SERVER] ℹ️ INFO: Server Connected Sucessfully
Sat Mar 14 2026 12:24:58 [MY-SERVER] ℹ️ INFO: 🔥🔥Server is Running
Sat Mar 14 2026 12:25:00 [MY-SERVER] ℹ️ INFO: [34mA user connected: 6RzM5p08MvJWPYNLAAAB[39m
Sat Mar 14 2026 12:26:37 [MY-SERVER] ℹ️ INFO: Server Connected Sucessfully
Sat Mar 14 2026 12:26:37 [MY-SERVER] ℹ️ INFO: 🔥🔥Server is Running
Sat Mar 14 2026 12:26:38 [MY-SERVER] ℹ️ INFO: [34mA user connected: VrvoT_E_71x8TwHZAAAB[39m
Sat Mar 14 2026 12:27:48 [MY-SERVER] ℹ️ INFO: Server Connected Sucessfully
Sat Mar 14 2026 12:27:48 [MY-SERVER] ℹ️ INFO: 🔥🔥Server is Running
Sat Mar 14 2026 12:27:48 [MY-SERVER] ℹ️ INFO: [34mA user connected: aqHQKFRLGheqS6SyAAAB[39m
Sat Mar 14 2026 12:29:17 [MY-SERVER] ℹ️ INFO: [31mA user disconnected: aqHQKFRLGheqS6SyAAAB[39m
Sat Mar 14 2026 12:29:26 [MY-SERVER] ℹ️ INFO: [34mA user connected: AOR_h7oOvvpyeeArAAAD[39m
Sat Mar 14 2026 12:30:03 [MY-SERVER] ℹ️ INFO: [31mA user disconnected: AOR_h7oOvvpyeeArAAAD[39m
Sat Mar 14 2026 12:30:11 [MY-SERVER] ℹ️ INFO: [34mA user connected: RxA2_RDvsq7lWq6bAAAF[39m
Sat Mar 14 2026 12:36:13 [MY-SERVER] ℹ️ INFO: Server Connected Sucessfully
Sat Mar 14 2026 12:36:13 [MY-SERVER] ℹ️ INFO: 🔥🔥Server is Running
Sat Mar 14 2026 12:36:17 [MY-SERVER] ℹ️ INFO: [34mA user connected: hRA72cUw43-ksTeBAAAB[39m
Sat Mar 14 2026 12:36:59 [MY-SERVER] ℹ️ INFO: Server Connected Sucessfully
Sat Mar 14 2026 12:36:59 [MY-SERVER] ℹ️ INFO: 🔥🔥Server is Running
Sat Mar 14 2026 12:37:00 [MY-SERVER] ℹ️ INFO: [34mA user connected: NfpU7AdR4EyZBQ9YAAAB[39m
Sat Mar 14 2026 12:37:24 [MY-SERVER] ℹ️ INFO: Server Connected Sucessfully
Sat Mar 14 2026 12:37:24 [MY-SERVER] ℹ️ INFO: 🔥🔥Server is Running
Sat Mar 14 2026 12:37:27 [MY-SERVER] ℹ️ INFO: [34mA user connected: PqWw_4-WNC3rMEhcAAAB[39m
Sat Mar 14 2026 12:37:43 [MY-SERVER] ℹ️ INFO: Server Connected Sucessfully
Sat Mar 14 2026 12:37:43 [MY-SERVER] ℹ️ INFO: 🔥🔥Server is Running
Sat Mar 14 2026 12:37:45 [MY-SERVER] ℹ️ INFO: [34mA user connected: QXhEc7SfDAOPN89OAAAB[39m
Sat Mar 14 2026 12:38:34 [MY-SERVER] ℹ️ INFO: Server Connected Sucessfully
Sat Mar 14 2026 12:38:34 [MY-SERVER] ℹ️ INFO: 🔥🔥Server is Running
Sat Mar 14 2026 12:38:34 [MY-SERVER] ℹ️ INFO: [34mA user connected: D6ikfcWPj4DNXDTmAAAB[39m
Sat Mar 14 2026 12:41:25 [MY-SERVER] ℹ️ INFO: Server Connected Sucessfully
Sat Mar 14 2026 12:41:25 [MY-SERVER] ℹ️ INFO: 🔥🔥Server is Running
Sat Mar 14 2026 12:41:25 [MY-SERVER] ℹ️ INFO: [34mA user connected: N-Db1vV3pGIj7fnXAAAB[39m
Sat Mar 14 2026 12:42:26 [MY-SERVER] ℹ️ INFO: Server Connected Sucessfully
Sat Mar 14 2026 12:42:26 [MY-SERVER] ℹ️ INFO: 🔥🔥Server is Running
Sat Mar 14 2026 12:42:29 [MY-SERVER] ℹ️ INFO: Server Connected Sucessfully
Sat Mar 14 2026 12:42:29 [MY-SERVER] ℹ️ INFO: 🔥🔥Server is Running
Sat Mar 14 2026 12:42:29 [MY-SERVER] ℹ️ INFO: [34mA user connected: yelhxhaLc-DtC-zMAAAB[39m
Sat Mar 14 2026 12:42:35 [MY-SERVER] ℹ️ INFO: Server Connected Sucessfully
Sat Mar 14 2026 12:42:35 [MY-SERVER] ℹ️ INFO: 🔥🔥Server is Running
Sat Mar 14 2026 12:42:36 [MY-SERVER] ℹ️ INFO: [34mA user connected: OslvRS2UNLofTBy5AAAB[39m
Sat Mar 14 2026 12:44:39 [MY-SERVER] ℹ️ INFO: Server Connected Sucessfully
Sat Mar 14 2026 12:44:39 [MY-SERVER] ℹ️ INFO: 🔥🔥Server is Running
Sat Mar 14 2026 12:44:40 [MY-SERVER] ℹ️ INFO: [34mA user connected: yYGUhRaG3nVE7FdcAAAB[39m
Sat Mar 14 2026 12:45:54 [MY-SERVER] ℹ️ INFO: Server Connected Sucessfully
Sat Mar 14 2026 12:45:54 [MY-SERVER] ℹ️ INFO: 🔥🔥Server is Running
Sat Mar 14 2026 12:45:55 [MY-SERVER] ℹ️ INFO: [34mA user connected: MqtUuZkcFWOMx-gaAAAB[39m
Sat Mar 14 2026 12:48:35 [MY-SERVER] ℹ️ INFO: Server Connected Sucessfully
Sat Mar 14 2026 12:48:35 [MY-SERVER] ℹ️ INFO: 🔥🔥Server is Running
Sat Mar 14 2026 12:48:36 [MY-SERVER] ℹ️ INFO: [34mA user connected: WqBePLIgrjau_1-sAAAB[39m
