Mon Mar 16 2026 12:05:03 [MY-SERVER] в„№пёЏ INFO: [34mA user connected: YDKazKPbVLQSA0O1AAAD[39m
Mon Mar 16 2026 12:05:09 [MY-SERVER] в„№пёЏ INFO: [31mA user disconnected: YDKazKPbVLQSA0O1AAAD[39m
Mon Mar 16 2026 12:05:10 [MY-SERVER] в„№пёЏ INFO: [34mA user connected: lDbRu88GY3TglT18AAAF[39m
Mon Mar 16 2026 12:09:41 [MY-SERVER] в„№пёЏ INFO: [34mA user connected: Ap0vkwmGYrqAn9pWAAAH[39m
Mon Mar 16 2026 12:09:55 [MY-SERVER] в„№пёЏ INFO: [31mA user disconnected: Ap0vkwmGYrqAn9pWAAAH[39m
Mon Mar 16 2026 12:09:56 [MY-SERVER] в„№пёЏ INFO: [34mA user connected: WEyNirOnOFaKKIwAAAAJ[39m
Mon Mar 16 2026 12:10:43 [MY-SERVER] в„№пёЏ INFO: [31mA user disconnected: WEyNirOnOFaKKIwAAAAJ[39m
Mon Mar 16 2026 12:11:15 [MY-SERVER] в„№пёЏ INFO: [34mA user connected: m9Beg_F0RN1UjYNWAAAL[39m
Mon Mar 16 2026 12:11:44 [MY-SERVER] в„№пёЏ INFO: Server Connected Sucessfully
Mon Mar 16 2026 12:11:44 [MY-SERVER] в„№пёЏ INFO: рџ”Өрџ”ӨServer is Running
Mon Mar 16 2026 12:11:44 [MY-SERVER] в„№пёЏ INFO: [34mA user connected: mi7MtJjj83P00CLpAAAB[39m
Mon Mar 16 2026 12:11:45 [MY-SERVER] в„№пёЏ INFO: [34mA user connected: BvOi9EE_6UgI7XZYAAAE[39m
Mon Mar 16 2026 12:11:45 [MY-SERVER] в„№пёЏ INFO: [34mA user connected: F-HmUGZtysKUjfUwAAAF[39m
Mon Mar 16 2026 12:34:03 [MY-SERVER] в„№пёЏ INFO: Server Connected Sucessfully
Mon Mar 16 2026 12:34:03 [MY-SERVER] в„№пёЏ INFO: рџ”Өрџ”ӨServer is Running
Mon Mar 16 2026 12:34:05 [MY-SERVER] в„№пёЏ INFO: [34mA user connected: aiO3bFfRKdMxydK9AAAB[39m
Mon Mar 16 2026 12:34:06 [MY-SERVER] в„№пёЏ INFO: [34mA user connected: 7ZYSO3NfxFFQ0QG3AAAE[39m
Mon Mar 16 2026 12:34:06 [MY-SERVER] в„№пёЏ INFO: [34mA user connected: kjFyAxP8rkFPkIjfAAAF[39m
Mon Mar 16 2026 12:37:32 [MY-SERVER] в„№пёЏ INFO: [31mA user disconnected: 7ZYSO3NfxFFQ0QG3AAAE[39m
Mon Mar 16 2026 12:37:33 [MY-SERVER] в„№пёЏ INFO: [34mA user connected: e6WMTGlpJk9clLnXAAAH[39m
Mon Mar 16 2026 12:45:34 [MY-SERVER] в„№пёЏ INFO: Server Connected Sucessfully
Mon Mar 16 2026 12:45:34 [MY-SERVER] в„№пёЏ INFO: рџ”Өрџ”ӨServer is Running
Mon Mar 16 2026 12:45:34 [MY-SERVER] в„№пёЏ INFO: [34mA user connected: WeeO8-YV0zGB531HAAAB[39m
Mon Mar 16 2026 12:45:37 [MY-SERVER] в„№пёЏ INFO: [34mA user connected: YvWnLg6wyGAg3aSrAAAE[39m
Mon Mar 16 2026 12:45:37 [MY-SERVER] в„№пёЏ INFO: [34mA user connected: -s7ChxYkONi0UjP-AAAF[39m
Mon Mar 16 2026 12:45:49 [MY-SERVER] в„№пёЏ INFO: Server Connected Sucessfully
Mon Mar 16 2026 12:45:49 [MY-SERVER] в„№пёЏ INFO: рџ”Өрџ”ӨServer is Running
Mon Mar 16 2026 12:45:51 [MY-SERVER] в„№пёЏ INFO: [34mA user connected: I9-SW2INv7Te7gyMAAAB[39m
Mon Mar 16 2026 12:45:51 [MY-SERVER] в„№пёЏ INFO: [34mA user connected: UDCFkHD1aWdaafqUAAAD[39m
Mon Mar 16 2026 12:45:52 [MY-SERVER] в„№пёЏ INFO: [34mA user connected: VNYF6sEQ9wnJpAZsAAAF[39m
Mon Mar 16 2026 12:46:12 [MY-SERVER] в„№пёЏ INFO: Server Connected Sucessfully
Mon Mar 16 2026 12:46:12 [MY-SERVER] в„№пёЏ INFO: рџ”Өрџ”ӨServer is Running
Mon Mar 16 2026 12:46:12 [MY-SERVER] в„№пёЏ INFO: [34mA user connected: pfM-8NhWChx1WzRjAAAB[39m
Mon Mar 16 2026 12:46:13 [MY-SERVER] в„№пёЏ INFO: [34mA user connected: 3-DzlwRyGp2NwDTDAAAE[39m
Mon Mar 16 2026 12:46:13 [MY-SERVER] в„№пёЏ INFO: [34mA user connected: vr22DbHfg76P70VfAAAF[39m
Mon Mar 16 2026 12:47:39 [MY-SERVER] в„№пёЏ INFO: [31mA user disconnected: 3-DzlwRyGp2NwDTDAAAE[39m
Mon Mar 16 2026 12:50:40 [MY-SERVER] в„№пёЏ INFO: [34mA user connected: _jY76mWqG4CyhmgTAAAH[39m
Mon Mar 16 2026 12:50:54 [MY-SERVER] в„№пёЏ INFO: [31mA user disconnected: _jY76mWqG4CyhmgTAAAH[39m
Mon Mar 16 2026 12:50:54 [MY-SERVER] в„№пёЏ INFO: [34mA user connected: RGZWIEzmyONZAT5YAAAJ[39m
Mon Mar 16 2026 12:55:41 [MY-SERVER] в„№пёЏ INFO: [31mA user disconnected: RGZWIEzmyONZAT5YAAAJ[39m
Mon Mar 16 2026 12:56:02 [MY-SERVER] в„№пёЏ INFO: [34mA user connected: XVAdUHpXOzDeijPgAAAL[39m
Mon Mar 16 2026 12:56:08 [MY-SERVER] в„№пёЏ INFO: [31mA user disconnected: XVAdUHpXOzDeijPgAAAL[39m
Mon Mar 16 2026 12:56:09 [MY-SERVER] в„№пёЏ INFO: [34mA user connected: H0N9nSpcp9HoZ5ULAAAN[39m
