Mon Mar 16 2026 10:10:37 [MY-SERVER] ℹ️ INFO: [34mA user connected: OxfX6U-7-LsuU5YiAAAB[39m
Mon Mar 16 2026 10:10:41 [MY-SERVER] ℹ️ INFO: [31mA user disconnected: OxfX6U-7-LsuU5YiAAAB[39m
Mon Mar 16 2026 10:12:00 [MY-SERVER] ℹ️ INFO: [34mA user connected: kfe3UcMeTcLd-rVBAAAD[39m
Mon Mar 16 2026 10:17:51 [MY-SERVER] ℹ️ INFO: [31mA user disconnected: kfe3UcMeTcLd-rVBAAAD[39m
Mon Mar 16 2026 10:17:57 [MY-SERVER] ℹ️ INFO: [34mA user connected: C7nQ7AOLEnCZ_2D3AAAF[39m
Mon Mar 16 2026 10:25:18 [MY-SERVER] ℹ️ INFO: [34mA user connected: tXRUIvxQPjZ6Bj7zAAAH[39m
Mon Mar 16 2026 10:29:38 [MY-SERVER] ℹ️ INFO: [31mA user disconnected: tXRUIvxQPjZ6Bj7zAAAH[39m
Mon Mar 16 2026 10:36:04 [MY-SERVER] ℹ️ INFO: Server Connected Sucessfully
Mon Mar 16 2026 10:36:04 [MY-SERVER] ℹ️ INFO: 🔥🔥Server is Running
Mon Mar 16 2026 10:36:04 [MY-SERVER] ℹ️ INFO: [34mA user connected: fIerJkbfNxob8ux9AAAB[39m
Mon Mar 16 2026 10:38:12 [MY-SERVER] ℹ️ INFO: Server Connected Sucessfully
Mon Mar 16 2026 10:38:12 [MY-SERVER] ℹ️ INFO: 🔥🔥Server is Running
Mon Mar 16 2026 10:38:15 [MY-SERVER] ℹ️ INFO: [34mA user connected: OaCKVeFdL3GssX77AAAB[39m
Mon Mar 16 2026 10:38:36 [MY-SERVER] ℹ️ INFO: Server Connected Sucessfully
Mon Mar 16 2026 10:38:36 [MY-SERVER] ℹ️ INFO: 🔥🔥Server is Running
Mon Mar 16 2026 10:38:38 [MY-SERVER] ℹ️ INFO: [34mA user connected: d7_Tit-uQ6dyO5GKAAAB[39m
Mon Mar 16 2026 10:39:43 [MY-SERVER] ℹ️ INFO: Server Connected Sucessfully
Mon Mar 16 2026 10:39:43 [MY-SERVER] ℹ️ INFO: 🔥🔥Server is Running
Mon Mar 16 2026 10:39:43 [MY-SERVER] ℹ️ INFO: [34mA user connected: KSViDG-Hxq6DrCMbAAAB[39m
Mon Mar 16 2026 10:40:40 [MY-SERVER] ℹ️ INFO: [34mA user connected: 8nh_38zpoKSS3tCJAAAD[39m
Mon Mar 16 2026 10:43:28 [MY-SERVER] ℹ️ INFO: Server Connected Sucessfully
Mon Mar 16 2026 10:43:28 [MY-SERVER] ℹ️ INFO: 🔥🔥Server is Running
Mon Mar 16 2026 10:43:29 [MY-SERVER] ℹ️ INFO: [34mA user connected: XioBUBwrx9bncymvAAAB[39m
Mon Mar 16 2026 10:43:40 [MY-SERVER] ℹ️ INFO: Server Connected Sucessfully
Mon Mar 16 2026 10:43:40 [MY-SERVER] ℹ️ INFO: 🔥🔥Server is Running
Mon Mar 16 2026 10:43:40 [MY-SERVER] ℹ️ INFO: [34mA user connected: nIumZ3r_WROa1PESAAAB[39m
Mon Mar 16 2026 10:44:14 [MY-SERVER] ℹ️ INFO: [34mA user connected: Fa7LsZk09yB1zuAKAAAE[39m
Mon Mar 16 2026 10:44:23 [MY-SERVER] ℹ️ INFO: [31mA user disconnected: Fa7LsZk09yB1zuAKAAAE[39m
Mon Mar 16 2026 10:44:39 [MY-SERVER] ℹ️ INFO: [34mA user connected: jWpC4RGTdfbE8HosAAAG[39m
Mon Mar 16 2026 10:44:50 [MY-SERVER] ℹ️ INFO: [31mA user disconnected: jWpC4RGTdfbE8HosAAAG[39m
Mon Mar 16 2026 10:44:51 [MY-SERVER] ℹ️ INFO: [34mA user connected: mZrkI1Z1DUMVFYhRAAAI[39m
Mon Mar 16 2026 10:45:01 [MY-SERVER] ℹ️ INFO: [34mA user connected: zgpZCFx1Wu4isrRLAAAK[39m
Mon Mar 16 2026 10:45:37 [MY-SERVER] ℹ️ INFO: [31mA user disconnected: mZrkI1Z1DUMVFYhRAAAI[39m
Mon Mar 16 2026 10:45:38 [MY-SERVER] ℹ️ INFO: [34mA user connected: u4pWUG6GJD1KlvQbAAAM[39m
Mon Mar 16 2026 10:46:07 [MY-SERVER] ℹ️ INFO: [31mA user disconnected: u4pWUG6GJD1KlvQbAAAM[39m
Mon Mar 16 2026 10:47:16 [MY-SERVER] ℹ️ INFO: [31mA user disconnected: zgpZCFx1Wu4isrRLAAAK[39m
Mon Mar 16 2026 10:47:44 [MY-SERVER] ℹ️ INFO: [31mA user disconnected: nIumZ3r_WROa1PESAAAB[39m
Mon Mar 16 2026 10:47:49 [MY-SERVER] ℹ️ INFO: [34mA user connected: 7bzvusjst6MvsuwRAAAO[39m
Mon Mar 16 2026 10:47:50 [MY-SERVER] ℹ️ INFO: [34mA user connected: wJTDjwrax-UC4uqaAAAQ[39m
Mon Mar 16 2026 10:48:42 [MY-SERVER] ℹ️ INFO: [34mA user connected: AMVwrg5DdYkYi_siAAAS[39m
Mon Mar 16 2026 10:49:54 [MY-SERVER] ℹ️ INFO: [31mA user disconnected: 7bzvusjst6MvsuwRAAAO[39m
Mon Mar 16 2026 10:50:00 [MY-SERVER] ℹ️ INFO: [31mA user disconnected: AMVwrg5DdYkYi_siAAAS[39m
Mon Mar 16 2026 10:50:19 [MY-SERVER] ℹ️ INFO: [34mA user connected: -CRJYVjuiavQDtZ4AAAU[39m
Mon Mar 16 2026 10:55:16 [MY-SERVER] ℹ️ INFO: Server Connected Sucessfully
Mon Mar 16 2026 10:55:16 [MY-SERVER] ℹ️ INFO: 🔥🔥Server is Running
Mon Mar 16 2026 10:55:18 [MY-SERVER] ℹ️ INFO: [34mA user connected: TQk8NqJMjcVtpER6AAAB[39m
Mon Mar 16 2026 10:55:19 [MY-SERVER] ℹ️ INFO: [34mA user connected: UsR--XO4bWKK8V8SAAAD[39m
Mon Mar 16 2026 10:55:43 [MY-SERVER] ℹ️ INFO: [31mA user disconnected: TQk8NqJMjcVtpER6AAAB[39m
Mon Mar 16 2026 10:55:44 [MY-SERVER] ℹ️ INFO: [34mA user connected: mQE_cj7G9XkT0mVjAAAF[39m
Mon Mar 16 2026 10:56:13 [MY-SERVER] ℹ️ INFO: [31mA user disconnected: mQE_cj7G9XkT0mVjAAAF[39m
Mon Mar 16 2026 10:56:13 [MY-SERVER] ℹ️ INFO: [34mA user connected: i-WLXTdu28IP-lhrAAAH[39m
Mon Mar 16 2026 10:56:16 [MY-SERVER] ℹ️ INFO: [31mA user disconnected: i-WLXTdu28IP-lhrAAAH[39m
Mon Mar 16 2026 10:56:33 [MY-SERVER] ℹ️ INFO: [34mA user connected: 0wYtCcEVG6GIU-gpAAAJ[39m
Mon Mar 16 2026 10:58:29 [MY-SERVER] ℹ️ INFO: [34mA user connected: prC7ynGoZgMpf9pGAAAL[39m
Mon Mar 16 2026 10:59:53 [MY-SERVER] ℹ️ INFO: Server Connected Sucessfully
Mon Mar 16 2026 10:59:53 [MY-SERVER] ℹ️ INFO: 🔥🔥Server is Running
Mon Mar 16 2026 10:59:54 [MY-SERVER] ℹ️ INFO: [34mA user connected: EIEe7vwQBlOInmJlAAAC[39m
Mon Mar 16 2026 10:59:54 [MY-SERVER] ℹ️ INFO: [34mA user connected: w8tdIw9ZbQFYHzkwAAAD[39m
Mon Mar 16 2026 10:59:55 [MY-SERVER] ℹ️ INFO: [34mA user connected: RvmNUEkOE_v9CoCpAAAF[39m
