Mon Mar 16 2026 13:00:21 [MY-SERVER] ℹ️ INFO: [34mA user connected: 3ugjv3Sb2z7jqFADAAAF[39m
Mon Mar 16 2026 13:00:25 [MY-SERVER] ℹ️ INFO: [31mA user disconnected: 3ugjv3Sb2z7jqFADAAAF[39m
Mon Mar 16 2026 13:00:26 [MY-SERVER] ℹ️ INFO: [34mA user connected: M47yhU7e-cBsTQX_AAAH[39m
Mon Mar 16 2026 13:00:36 [MY-SERVER] ℹ️ INFO: Server Connected Sucessfully
Mon Mar 16 2026 13:00:36 [MY-SERVER] ℹ️ INFO: 🔥🔥Server is Running
Mon Mar 16 2026 13:00:36 [MY-SERVER] ℹ️ INFO: [34mA user connected: ZHn48b1pI3ySO-j7AAAB[39m
Mon Mar 16 2026 13:00:38 [MY-SERVER] ℹ️ INFO: [34mA user connected: h3PI3JHfCyKXBjlrAAAD[39m
Mon Mar 16 2026 13:00:38 [MY-SERVER] ℹ️ INFO: [34mA user connected: aWsGue9_ZXrWfxWHAAAF[39m
Mon Mar 16 2026 13:00:48 [MY-SERVER] ℹ️ INFO: [31mA user disconnected: aWsGue9_ZXrWfxWHAAAF[39m
Mon Mar 16 2026 13:00:48 [MY-SERVER] ℹ️ INFO: [34mA user connected: 7nzbBiuv7kmdo7HdAAAH[39m
Mon Mar 16 2026 13:00:52 [MY-SERVER] ℹ️ INFO: [31mA user disconnected: 7nzbBiuv7kmdo7HdAAAH[39m
Mon Mar 16 2026 13:00:53 [MY-SERVER] ℹ️ INFO: [34mA user connected: JXpF9WbJCLOJs0y5AAAJ[39m
Mon Mar 16 2026 13:08:45 [MY-SERVER] ℹ️ INFO: [31mA user disconnected: JXpF9WbJCLOJs0y5AAAJ[39m
Mon Mar 16 2026 13:09:06 [MY-SERVER] ℹ️ INFO: [34mA user connected: nh0jRibkvzSzgkjnAAAL[39m
Mon Mar 16 2026 13:11:05 [MY-SERVER] ℹ️ INFO: [31mA user disconnected: nh0jRibkvzSzgkjnAAAL[39m
Mon Mar 16 2026 13:11:06 [MY-SERVER] ℹ️ INFO: [34mA user connected: JqlCd0iLlC9LjxO3AAAN[39m
Mon Mar 16 2026 13:11:09 [MY-SERVER] ℹ️ INFO: [31mA user disconnected: JqlCd0iLlC9LjxO3AAAN[39m
Mon Mar 16 2026 13:11:09 [MY-SERVER] ℹ️ INFO: [34mA user connected: ywfkX7lCilly9C-_AAAP[39m
Mon Mar 16 2026 13:12:54 [MY-SERVER] ℹ️ INFO: [31mA user disconnected: ywfkX7lCilly9C-_AAAP[39m
Mon Mar 16 2026 13:12:55 [MY-SERVER] ℹ️ INFO: [34mA user connected: RgvorXf18_yfIb8KAAAR[39m
Mon Mar 16 2026 13:12:58 [MY-SERVER] ℹ️ INFO: [31mA user disconnected: RgvorXf18_yfIb8KAAAR[39m
Mon Mar 16 2026 13:12:58 [MY-SERVER] ℹ️ INFO: [34mA user connected: onauAsv-Gmjjvy93AAAT[39m
Mon Mar 16 2026 13:13:23 [MY-SERVER] ℹ️ INFO: [31mA user disconnected: onauAsv-Gmjjvy93AAAT[39m
Mon Mar 16 2026 13:13:24 [MY-SERVER] ℹ️ INFO: [34mA user connected: JJlwQUknCLBdc4INAAAV[39m
Mon Mar 16 2026 13:21:10 [MY-SERVER] ℹ️ INFO: [31mA user disconnected: JJlwQUknCLBdc4INAAAV[39m
Mon Mar 16 2026 13:21:10 [MY-SERVER] ℹ️ INFO: [34mA user connected: 2breXlIhjV8-aXoOAAAX[39m
Mon Mar 16 2026 13:27:37 [MY-SERVER] ℹ️ INFO: [31mA user disconnected: 2breXlIhjV8-aXoOAAAX[39m
Mon Mar 16 2026 13:27:38 [MY-SERVER] ℹ️ INFO: [34mA user connected: joY_2zp0zcaC3G_4AAAZ[39m
Mon Mar 16 2026 13:27:46 [MY-SERVER] ℹ️ INFO: [31mA user disconnected: joY_2zp0zcaC3G_4AAAZ[39m
Mon Mar 16 2026 13:27:47 [MY-SERVER] ℹ️ INFO: [34mA user connected: W1gp40z5aQ7j-EvnAAAb[39m
Mon Mar 16 2026 13:30:30 [MY-SERVER] ℹ️ INFO: [31mA user disconnected: W1gp40z5aQ7j-EvnAAAb[39m
Mon Mar 16 2026 13:30:42 [MY-SERVER] ℹ️ INFO: [34mA user connected: C32CmVC4L42xrNAxAAAd[39m
Mon Mar 16 2026 13:31:54 [MY-SERVER] ℹ️ INFO: [31mA user disconnected: C32CmVC4L42xrNAxAAAd[39m
Mon Mar 16 2026 13:31:54 [MY-SERVER] ℹ️ INFO: [34mA user connected: bfNGuvUK8d4GZ9cEAAAf[39m
Mon Mar 16 2026 13:33:10 [MY-SERVER] ℹ️ INFO: [31mA user disconnected: h3PI3JHfCyKXBjlrAAAD[39m
Mon Mar 16 2026 13:34:05 [MY-SERVER] ℹ️ INFO: [34mA user connected: oeXm-PNhMHv2lYLnAAAh[39m
Mon Mar 16 2026 13:35:59 [MY-SERVER] ℹ️ INFO: [34mA user connected: cOV9yfacyR5hre0XAAAj[39m
Mon Mar 16 2026 13:42:11 [MY-SERVER] ℹ️ INFO: [31mA user disconnected: cOV9yfacyR5hre0XAAAj[39m
Mon Mar 16 2026 13:42:12 [MY-SERVER] ℹ️ INFO: [34mA user connected: poymjzUCqOPoDrxGAAAl[39m
Mon Mar 16 2026 13:46:25 [MY-SERVER] ℹ️ INFO: [31mA user disconnected: oeXm-PNhMHv2lYLnAAAh[39m
Mon Mar 16 2026 13:47:45 [MY-SERVER] ℹ️ INFO: [34mA user connected: CbNa064M7AD5FKp0AAAn[39m
Mon Mar 16 2026 13:48:05 [MY-SERVER] ℹ️ INFO: [31mA user disconnected: bfNGuvUK8d4GZ9cEAAAf[39m
Mon Mar 16 2026 13:50:27 [MY-SERVER] ℹ️ INFO: Server Connected Sucessfully
Mon Mar 16 2026 13:50:27 [MY-SERVER] ℹ️ INFO: 🔥🔥Server is Running
Mon Mar 16 2026 13:50:28 [MY-SERVER] ℹ️ INFO: [34mA user connected: v8ZEtfDGbneQC8WpAAAB[39m
Mon Mar 16 2026 13:50:28 [MY-SERVER] ℹ️ INFO: [34mA user connected: ptxOrFyjPy2MtE8xAAAD[39m
Mon Mar 16 2026 13:50:30 [MY-SERVER] ℹ️ INFO: [34mA user connected: QxM7ZwkdotJixcl5AAAF[39m
Mon Mar 16 2026 13:50:36 [MY-SERVER] ℹ️ INFO: [34mA user connected: pkAjJa24DNxrcHp6AAAH[39m
Mon Mar 16 2026 13:50:58 [MY-SERVER] ℹ️ INFO: [31mA user disconnected: QxM7ZwkdotJixcl5AAAF[39m
Mon Mar 16 2026 13:50:58 [MY-SERVER] ℹ️ INFO: [34mA user connected: jXhgF1WVtlGujF8uAAAJ[39m
Mon Mar 16 2026 13:52:23 [MY-SERVER] ℹ️ INFO: [31mA user disconnected: pkAjJa24DNxrcHp6AAAH[39m
Mon Mar 16 2026 13:52:26 [MY-SERVER] ℹ️ INFO: [34mA user connected: HsWi056W0BPQsHgXAAAL[39m
Mon Mar 16 2026 13:52:50 [MY-SERVER] ℹ️ INFO: [31mA user disconnected: jXhgF1WVtlGujF8uAAAJ[39m
Mon Mar 16 2026 13:53:36 [MY-SERVER] ℹ️ INFO: [34mA user connected: 5b3Q4_G3rBw7arTCAAAN[39m
Mon Mar 16 2026 13:54:36 [MY-SERVER] ℹ️ INFO: [31mA user disconnected: HsWi056W0BPQsHgXAAAL[39m
Mon Mar 16 2026 13:54:52 [MY-SERVER] ℹ️ INFO: [31mA user disconnected: 5b3Q4_G3rBw7arTCAAAN[39m
Mon Mar 16 2026 13:55:16 [MY-SERVER] ℹ️ INFO: [34mA user connected: xsWESpKQbPPFoGmxAAAP[39m
Mon Mar 16 2026 13:56:16 [MY-SERVER] ℹ️ INFO: [31mA user disconnected: xsWESpKQbPPFoGmxAAAP[39m
Mon Mar 16 2026 13:56:16 [MY-SERVER] ℹ️ INFO: [34mA user connected: mSC6LvFDj4m24cgYAAAR[39m
Mon Mar 16 2026 13:58:09 [MY-SERVER] ℹ️ INFO: [34mA user connected: FAsxplU4HM03noctAAAT[39m
Mon Mar 16 2026 13:58:11 [MY-SERVER] ℹ️ INFO: [31mA user disconnected: FAsxplU4HM03noctAAAT[39m
Mon Mar 16 2026 13:58:29 [MY-SERVER] ℹ️ INFO: [34mA user connected: Ya-AtXyZ0orhriS3AAAV[39m
Mon Mar 16 2026 13:59:42 [MY-SERVER] ℹ️ INFO: [31mA user disconnected: Ya-AtXyZ0orhriS3AAAV[39m
Mon Mar 16 2026 13:59:52 [MY-SERVER] ℹ️ INFO: [34mA user connected: WyTjFRffbuHdUCFjAAAX[39m
