Mon Mar 16 2026 11:01:00 [MY-SERVER] ℹ️ INFO: Server Connected Sucessfully
Mon Mar 16 2026 11:01:00 [MY-SERVER] ℹ️ INFO: 🔥🔥Server is Running
Mon Mar 16 2026 11:01:00 [MY-SERVER] ℹ️ INFO: [34mA user connected: CcznPbgEcNNCzRWFAAAB[39m
Mon Mar 16 2026 11:01:02 [MY-SERVER] ℹ️ INFO: [34mA user connected: i4RbrVPaiHWRjvlzAAAE[39m
Mon Mar 16 2026 11:01:02 [MY-SERVER] ℹ️ INFO: [34mA user connected: GaaTleyew1q--AzQAAAF[39m
Mon Mar 16 2026 11:01:21 [MY-SERVER] ℹ️ INFO: Server Connected Sucessfully
Mon Mar 16 2026 11:01:21 [MY-SERVER] ℹ️ INFO: 🔥🔥Server is Running
Mon Mar 16 2026 11:01:21 [MY-SERVER] ℹ️ INFO: [34mA user connected: VN36XGrjTChQY9pHAAAC[39m
Mon Mar 16 2026 11:01:21 [MY-SERVER] ℹ️ INFO: [34mA user connected: 5VgR3uPXGp2JItnuAAAD[39m
Mon Mar 16 2026 11:01:21 [MY-SERVER] ℹ️ INFO: [34mA user connected: 0jO0J3Idf4gG4Cc6AAAF[39m
Mon Mar 16 2026 11:01:43 [MY-SERVER] ℹ️ INFO: [31mA user disconnected: 5VgR3uPXGp2JItnuAAAD[39m
Mon Mar 16 2026 11:02:36 [MY-SERVER] ℹ️ INFO: Server Connected Sucessfully
Mon Mar 16 2026 11:02:36 [MY-SERVER] ℹ️ INFO: 🔥🔥Server is Running
Mon Mar 16 2026 11:02:36 [MY-SERVER] ℹ️ INFO: [34mA user connected: LV7u9WpMwynA1phpAAAB[39m
Mon Mar 16 2026 11:02:37 [MY-SERVER] ℹ️ INFO: [34mA user connected: kNALV8FTc4C0G4VbAAAD[39m
Mon Mar 16 2026 11:05:15 [MY-SERVER] ℹ️ INFO: Server Connected Sucessfully
Mon Mar 16 2026 11:05:15 [MY-SERVER] ℹ️ INFO: 🔥🔥Server is Running
Mon Mar 16 2026 11:05:15 [MY-SERVER] ℹ️ INFO: [34mA user connected: ZwlNYM_z8D1liQCLAAAC[39m
Mon Mar 16 2026 11:05:15 [MY-SERVER] ℹ️ INFO: [34mA user connected: yT5tYdiWMWc9WJ__AAAD[39m
Mon Mar 16 2026 11:13:28 [MY-SERVER] ℹ️ INFO: Server Connected Sucessfully
Mon Mar 16 2026 11:13:28 [MY-SERVER] ℹ️ INFO: 🔥🔥Server is Running
Mon Mar 16 2026 11:13:33 [MY-SERVER] ℹ️ INFO: [34mA user connected: 6PTZME9z5aBHm2XwAAAB[39m
Mon Mar 16 2026 11:13:50 [MY-SERVER] ℹ️ INFO: Server Connected Sucessfully
Mon Mar 16 2026 11:13:50 [MY-SERVER] ℹ️ INFO: 🔥🔥Server is Running
Mon Mar 16 2026 11:13:52 [MY-SERVER] ℹ️ INFO: [34mA user connected: svQsFA-mI1-lJVqSAAAB[39m
Mon Mar 16 2026 11:14:01 [MY-SERVER] ℹ️ INFO: Server Connected Sucessfully
Mon Mar 16 2026 11:14:01 [MY-SERVER] ℹ️ INFO: 🔥🔥Server is Running
Mon Mar 16 2026 11:14:02 [MY-SERVER] ℹ️ INFO: [34mA user connected: CjNTLa_M9bbUAPsSAAAB[39m
Mon Mar 16 2026 11:16:30 [MY-SERVER] ℹ️ INFO: Server Connected Sucessfully
Mon Mar 16 2026 11:16:30 [MY-SERVER] ℹ️ INFO: 🔥🔥Server is Running
Mon Mar 16 2026 11:16:33 [MY-SERVER] ℹ️ INFO: [34mA user connected: LxULF3S4gL2uQ_TaAAAB[39m
Mon Mar 16 2026 11:20:24 [MY-SERVER] ℹ️ INFO: [31mA user disconnected: LxULF3S4gL2uQ_TaAAAB[39m
Mon Mar 16 2026 11:21:39 [MY-SERVER] ℹ️ INFO: [34mA user connected: cOxnOslkdc3BqgTmAAAD[39m
Mon Mar 16 2026 11:23:44 [MY-SERVER] ℹ️ INFO: Server Connected Sucessfully
Mon Mar 16 2026 11:23:44 [MY-SERVER] ℹ️ INFO: 🔥🔥Server is Running
Mon Mar 16 2026 11:23:45 [MY-SERVER] ℹ️ INFO: [34mA user connected: I5zAvcvKYfl2ZY9gAAAB[39m
Mon Mar 16 2026 11:24:39 [MY-SERVER] ℹ️ INFO: Server Connected Sucessfully
Mon Mar 16 2026 11:24:39 [MY-SERVER] ℹ️ INFO: 🔥🔥Server is Running
Mon Mar 16 2026 11:24:40 [MY-SERVER] ℹ️ INFO: [34mA user connected: uhIwKpOmr-wSWvRaAAAB[39m
Mon Mar 16 2026 11:25:20 [MY-SERVER] ℹ️ INFO: Server Connected Sucessfully
Mon Mar 16 2026 11:25:20 [MY-SERVER] ℹ️ INFO: 🔥🔥Server is Running
Mon Mar 16 2026 11:25:22 [MY-SERVER] ℹ️ INFO: [34mA user connected: 3vLjJoS_UmRfsEZ5AAAB[39m
Mon Mar 16 2026 11:51:25 [MY-SERVER] ℹ️ INFO: Server Connected Sucessfully
Mon Mar 16 2026 11:51:25 [MY-SERVER] ℹ️ INFO: 🔥🔥Server is Running
Mon Mar 16 2026 11:51:30 [MY-SERVER] ℹ️ INFO: [34mA user connected: ozTLUCo9nwvlqhbJAAAB[39m
Mon Mar 16 2026 11:51:41 [MY-SERVER] ℹ️ INFO: Server Connected Sucessfully
Mon Mar 16 2026 11:51:41 [MY-SERVER] ℹ️ INFO: 🔥🔥Server is Running
Mon Mar 16 2026 11:51:42 [MY-SERVER] ℹ️ INFO: [34mA user connected: D3kPzYDA6Z3oQocNAAAB[39m
Mon Mar 16 2026 11:51:49 [MY-SERVER] ℹ️ INFO: Server Connected Sucessfully
Mon Mar 16 2026 11:51:49 [MY-SERVER] ℹ️ INFO: 🔥🔥Server is Running
Mon Mar 16 2026 11:51:50 [MY-SERVER] ℹ️ INFO: [34mA user connected: vi9GXlPBXU11mu0SAAAB[39m
Mon Mar 16 2026 11:53:05 [MY-SERVER] ℹ️ INFO: Server Connected Sucessfully
Mon Mar 16 2026 11:53:05 [MY-SERVER] ℹ️ INFO: 🔥🔥Server is Running
Mon Mar 16 2026 11:53:07 [MY-SERVER] ℹ️ INFO: [34mA user connected: L1qqQmZzIed6hSB0AAAB[39m
