Tue Mar 17 2026 14:06:31 [MY-SERVER] ℹ️ INFO: [34mA user connected: -dd4E3yh4MCqCJBGAAAB[39m
Tue Mar 17 2026 14:06:58 [MY-SERVER] ℹ️ INFO: [31mA user disconnected: -dd4E3yh4MCqCJBGAAAB[39m
Tue Mar 17 2026 14:07:44 [MY-SERVER] ℹ️ INFO: [34mA user connected: -g42ykzQG-aW3OSdAAAD[39m
Tue Mar 17 2026 14:08:43 [MY-SERVER] ℹ️ INFO: [31mA user disconnected: -g42ykzQG-aW3OSdAAAD[39m
Tue Mar 17 2026 14:08:52 [MY-SERVER] ℹ️ INFO: [34mA user connected: JOJBNytnxhqjUvjDAAAF[39m
Tue Mar 17 2026 14:11:40 [MY-SERVER] ℹ️ INFO: Server Connected Sucessfully
Tue Mar 17 2026 14:11:40 [MY-SERVER] ℹ️ INFO: 🔥🔥Server is Running
Tue Mar 17 2026 14:11:41 [MY-SERVER] ℹ️ INFO: [34mA user connected: UDG7rXAe1SZRSD2nAAAB[39m
Tue Mar 17 2026 14:19:22 [MY-SERVER] ℹ️ INFO: [31mA user disconnected: UDG7rXAe1SZRSD2nAAAB[39m
Tue Mar 17 2026 14:19:59 [MY-SERVER] ℹ️ INFO: [34mA user connected: GoQLvpvc0yThKuZOAAAD[39m
Tue Mar 17 2026 14:21:14 [MY-SERVER] ℹ️ INFO: Server Connected Sucessfully
Tue Mar 17 2026 14:21:14 [MY-SERVER] ℹ️ INFO: 🔥🔥Server is Running
Tue Mar 17 2026 14:21:14 [MY-SERVER] ℹ️ INFO: [34mA user connected: tX_Fxr3tIxOBydP6AAAB[39m
Tue Mar 17 2026 14:23:37 [MY-SERVER] ℹ️ INFO: [31mA user disconnected: tX_Fxr3tIxOBydP6AAAB[39m
Tue Mar 17 2026 14:23:47 [MY-SERVER] ℹ️ INFO: [34mA user connected: 7JBawwIkEwrmukyzAAAD[39m
Tue Mar 17 2026 14:24:50 [MY-SERVER] ℹ️ INFO: [31mA user disconnected: 7JBawwIkEwrmukyzAAAD[39m
Tue Mar 17 2026 14:25:14 [MY-SERVER] ℹ️ INFO: [34mA user connected: qy7A9d9mqiPJ4GbZAAAF[39m
Tue Mar 17 2026 14:25:30 [MY-SERVER] ℹ️ INFO: [31mA user disconnected: qy7A9d9mqiPJ4GbZAAAF[39m
Tue Mar 17 2026 14:26:14 [MY-SERVER] ℹ️ INFO: [34mA user connected: xhf0YKY6w185pfjEAAAH[39m
Tue Mar 17 2026 14:27:11 [MY-SERVER] ℹ️ INFO: Server Connected Sucessfully
Tue Mar 17 2026 14:27:11 [MY-SERVER] ℹ️ INFO: 🔥🔥Server is Running
Tue Mar 17 2026 14:27:14 [MY-SERVER] ℹ️ INFO: [34mA user connected: 9A8KdpVain7BfwWLAAAB[39m
Tue Mar 17 2026 14:34:58 [MY-SERVER] ℹ️ INFO: Server Connected Sucessfully
Tue Mar 17 2026 14:34:58 [MY-SERVER] ℹ️ INFO: 🔥🔥Server is Running
Tue Mar 17 2026 14:34:58 [MY-SERVER] ℹ️ INFO: [34mA user connected: rmP0nwgyoUEYs32oAAAB[39m
Tue Mar 17 2026 14:35:54 [MY-SERVER] ℹ️ INFO: Server Connected Sucessfully
Tue Mar 17 2026 14:35:54 [MY-SERVER] ℹ️ INFO: 🔥🔥Server is Running
Tue Mar 17 2026 14:35:56 [MY-SERVER] ℹ️ INFO: [34mA user connected: x-Fi7zd3AraKYecYAAAB[39m
Tue Mar 17 2026 14:36:41 [MY-SERVER] ℹ️ INFO: Server Connected Sucessfully
Tue Mar 17 2026 14:36:41 [MY-SERVER] ℹ️ INFO: 🔥🔥Server is Running
Tue Mar 17 2026 14:36:42 [MY-SERVER] ℹ️ INFO: [34mA user connected: RRNIXmeGWKl0bJKcAAAB[39m
Tue Mar 17 2026 14:37:13 [MY-SERVER] ℹ️ INFO: [31mA user disconnected: RRNIXmeGWKl0bJKcAAAB[39m
Tue Mar 17 2026 14:38:17 [MY-SERVER] ℹ️ INFO: Server Connected Sucessfully
Tue Mar 17 2026 14:38:17 [MY-SERVER] ℹ️ INFO: 🔥🔥Server is Running
Tue Mar 17 2026 14:40:32 [MY-SERVER] ℹ️ INFO: Server Connected Sucessfully
Tue Mar 17 2026 14:40:32 [MY-SERVER] ℹ️ INFO: 🔥🔥Server is Running
Tue Mar 17 2026 14:41:35 [MY-SERVER] ℹ️ INFO: Server Connected Sucessfully
Tue Mar 17 2026 14:41:35 [MY-SERVER] ℹ️ INFO: 🔥🔥Server is Running
Tue Mar 17 2026 14:42:29 [MY-SERVER] ℹ️ INFO: Server Connected Sucessfully
Tue Mar 17 2026 14:42:29 [MY-SERVER] ℹ️ INFO: 🔥🔥Server is Running
Tue Mar 17 2026 14:43:06 [MY-SERVER] ℹ️ INFO: [34mA user connected: g2U5QIftE0Eb-B2YAAAB[39m
Tue Mar 17 2026 14:43:47 [MY-SERVER] ℹ️ INFO: [31mA user disconnected: g2U5QIftE0Eb-B2YAAAB[39m
Tue Mar 17 2026 14:45:01 [MY-SERVER] ℹ️ INFO: [34mA user connected: TJyg3pOPuMlypwTcAAAD[39m
Tue Mar 17 2026 14:45:20 [MY-SERVER] ℹ️ INFO: [31mA user disconnected: TJyg3pOPuMlypwTcAAAD[39m
Tue Mar 17 2026 14:45:24 [MY-SERVER] ℹ️ INFO: [34mA user connected: MpjJEmuuaRG39ZONAAAF[39m
Tue Mar 17 2026 14:46:30 [MY-SERVER] ℹ️ INFO: [31mA user disconnected: MpjJEmuuaRG39ZONAAAF[39m
Tue Mar 17 2026 14:46:40 [MY-SERVER] ℹ️ INFO: [34mA user connected: LjPwA5RNzaC4heUaAAAH[39m
Tue Mar 17 2026 14:49:14 [MY-SERVER] ℹ️ INFO: Server Connected Sucessfully
Tue Mar 17 2026 14:49:14 [MY-SERVER] ℹ️ INFO: 🔥🔥Server is Running
Tue Mar 17 2026 14:49:16 [MY-SERVER] ℹ️ INFO: [34mA user connected: 6BAyU54p-qEtXQNsAAAB[39m
Tue Mar 17 2026 14:51:38 [MY-SERVER] ℹ️ INFO: Server Connected Sucessfully
Tue Mar 17 2026 14:51:38 [MY-SERVER] ℹ️ INFO: 🔥🔥Server is Running
Tue Mar 17 2026 14:51:39 [MY-SERVER] ℹ️ INFO: [34mA user connected: 5LFo6bycw_0ZvVigAAAB[39m
Tue Mar 17 2026 14:51:57 [MY-SERVER] ℹ️ INFO: Server Connected Sucessfully
Tue Mar 17 2026 14:51:57 [MY-SERVER] ℹ️ INFO: 🔥🔥Server is Running
Tue Mar 17 2026 14:51:59 [MY-SERVER] ℹ️ INFO: [34mA user connected: knshXqyIRlhxq9WEAAAB[39m
Tue Mar 17 2026 14:52:10 [MY-SERVER] ℹ️ INFO: Server Connected Sucessfully
Tue Mar 17 2026 14:52:10 [MY-SERVER] ℹ️ INFO: 🔥🔥Server is Running
Tue Mar 17 2026 14:52:12 [MY-SERVER] ℹ️ INFO: [34mA user connected: A8j-OqY6W6waAnJ-AAAB[39m
Tue Mar 17 2026 14:55:27 [MY-SERVER] ℹ️ INFO: [31mA user disconnected: A8j-OqY6W6waAnJ-AAAB[39m
Tue Mar 17 2026 14:55:45 [MY-SERVER] ℹ️ INFO: [34mA user connected: euhXRSHenMEVi8qqAAAD[39m
