Tue Mar 17 2026 17:02:30 [MY-SERVER] в„№пёЏ INFO: Server Connected Sucessfully
Tue Mar 17 2026 17:02:30 [MY-SERVER] в„№пёЏ INFO: рџ”Өрџ”ӨServer is Running
Tue Mar 17 2026 17:08:39 [MY-SERVER] в„№пёЏ INFO: [34mA user connected: VzBFZQJPBOdZHMVkAAAB[39m
Tue Mar 17 2026 17:09:37 [MY-SERVER] в„№пёЏ INFO: Server Connected Sucessfully
Tue Mar 17 2026 17:09:37 [MY-SERVER] в„№пёЏ INFO: рџ”Өрџ”ӨServer is Running
Tue Mar 17 2026 17:09:41 [MY-SERVER] в„№пёЏ INFO: [34mA user connected: 9bILl-uW6qMDLZYyAAAB[39m
Tue Mar 17 2026 17:09:43 [MY-SERVER] в„№пёЏ INFO: [34mA user connected: nEBN9TnWfPe_UZ1iAAAD[39m
Tue Mar 17 2026 17:12:37 [MY-SERVER] в„№пёЏ INFO: Server Connected Sucessfully
Tue Mar 17 2026 17:12:37 [MY-SERVER] в„№пёЏ INFO: рџ”Өрџ”ӨServer is Running
Tue Mar 17 2026 17:12:37 [MY-SERVER] в„№пёЏ INFO: [34mA user connected: nnXNjP4y33sJqNU_AAAB[39m
Tue Mar 17 2026 17:12:39 [MY-SERVER] в„№пёЏ INFO: [34mA user connected: gWvAAcxMF_CEs1MXAAAD[39m
Tue Mar 17 2026 17:15:18 [MY-SERVER] в„№пёЏ INFO: [31mA user disconnected: gWvAAcxMF_CEs1MXAAAD[39m
Tue Mar 17 2026 17:15:51 [MY-SERVER] в„№пёЏ INFO: Server Connected Sucessfully
Tue Mar 17 2026 17:15:51 [MY-SERVER] в„№пёЏ INFO: рџ”Өрџ”ӨServer is Running
Tue Mar 17 2026 17:15:52 [MY-SERVER] в„№пёЏ INFO: [34mA user connected: 9lHrtfOEbvklXj3SAAAB[39m
Tue Mar 17 2026 17:16:36 [MY-SERVER] в„№пёЏ INFO: [34mA user connected: 62Qz8dw5d4hx-GMeAAAD[39m
Tue Mar 17 2026 17:17:34 [MY-SERVER] в„№пёЏ INFO: [31mA user disconnected: 62Qz8dw5d4hx-GMeAAAD[39m
Tue Mar 17 2026 17:18:04 [MY-SERVER] в„№пёЏ INFO: Server Connected Sucessfully
Tue Mar 17 2026 17:18:04 [MY-SERVER] в„№пёЏ INFO: рџ”Өрџ”ӨServer is Running
Tue Mar 17 2026 17:18:05 [MY-SERVER] в„№пёЏ INFO: [34mA user connected: x1iQ4Cc8Wa8_L4lFAAAB[39m
Tue Mar 17 2026 17:19:42 [MY-SERVER] в„№пёЏ INFO: [34mA user connected: 7fBo1YZb9Upm6kxyAAAD[39m
Tue Mar 17 2026 17:21:32 [MY-SERVER] в„№пёЏ INFO: Server Connected Sucessfully
Tue Mar 17 2026 17:21:32 [MY-SERVER] в„№пёЏ INFO: рџ”Өрџ”ӨServer is Running
Tue Mar 17 2026 17:21:33 [MY-SERVER] в„№пёЏ INFO: [34mA user connected: 97jrb51X0F3YmincAAAB[39m
Tue Mar 17 2026 17:23:03 [MY-SERVER] в„№пёЏ INFO: Server Connected Sucessfully
Tue Mar 17 2026 17:23:03 [MY-SERVER] в„№пёЏ INFO: рџ”Өрџ”ӨServer is Running
Tue Mar 17 2026 17:23:04 [MY-SERVER] в„№пёЏ INFO: [34mA user connected: b3o5wWfFfhNhfs16AAAB[39m
Tue Mar 17 2026 17:23:36 [MY-SERVER] в„№пёЏ INFO: Server Connected Sucessfully
Tue Mar 17 2026 17:23:36 [MY-SERVER] в„№пёЏ INFO: рџ”Өрџ”ӨServer is Running
Tue Mar 17 2026 17:23:36 [MY-SERVER] в„№пёЏ INFO: [34mA user connected: 1wbkhHx_hbj3OsfGAAAB[39m
Tue Mar 17 2026 17:25:13 [MY-SERVER] в„№пёЏ INFO: Server Connected Sucessfully
Tue Mar 17 2026 17:25:13 [MY-SERVER] в„№пёЏ INFO: рџ”Өрџ”ӨServer is Running
Tue Mar 17 2026 17:25:17 [MY-SERVER] в„№пёЏ INFO: [34mA user connected: t3wEWPWFtt4rbaA-AAAB[39m
Tue Mar 17 2026 17:30:29 [MY-SERVER] в„№пёЏ INFO: [34mA user connected: 36aKa1JKQDmlt2t2AAAD[39m
Tue Mar 17 2026 17:30:35 [MY-SERVER] в„№пёЏ INFO: [31mA user disconnected: 36aKa1JKQDmlt2t2AAAD[39m
Tue Mar 17 2026 17:36:55 [MY-SERVER] в„№пёЏ INFO: [31mA user disconnected: t3wEWPWFtt4rbaA-AAAB[39m
Tue Mar 17 2026 17:40:16 [MY-SERVER] в„№пёЏ INFO: [34mA user connected: AnP-eBbJsbRSm8w1AAAF[39m
Tue Mar 17 2026 17:44:02 [MY-SERVER] в„№пёЏ INFO: [34mA user connected: dulKJ3scKtO3x4IKAAAH[39m
Tue Mar 17 2026 17:44:09 [MY-SERVER] в„№пёЏ INFO: [31mA user disconnected: dulKJ3scKtO3x4IKAAAH[39m
Tue Mar 17 2026 17:55:55 [MY-SERVER] в„№пёЏ INFO: [31mA user disconnected: AnP-eBbJsbRSm8w1AAAF[39m
