Tue Mar 17 2026 10:00:53 [MY-SERVER] в„№пёЏ INFO: [34mA user connected: oC-p69GggjNySGyyAABM[39m
Tue Mar 17 2026 10:02:17 [MY-SERVER] в„№пёЏ INFO: [31mA user disconnected: oC-p69GggjNySGyyAABM[39m
Tue Mar 17 2026 10:13:42 [MY-SERVER] в„№пёЏ INFO: Server Connected Sucessfully
Tue Mar 17 2026 10:13:42 [MY-SERVER] в„№пёЏ INFO: рџ”Ґрџ”ҐServer is Running
Tue Mar 17 2026 10:13:42 [MY-SERVER] в„№пёЏ INFO: [34mA user connected: lSGRqoMiOFCH8M0-AAAB[39m
Tue Mar 17 2026 10:14:09 [MY-SERVER] в„№пёЏ INFO: Server Connected Sucessfully
Tue Mar 17 2026 10:14:09 [MY-SERVER] в„№пёЏ INFO: рџ”Ґрџ”ҐServer is Running
Tue Mar 17 2026 10:14:11 [MY-SERVER] в„№пёЏ INFO: [34mA user connected: VCDgwGvafnbceOE_AAAB[39m
Tue Mar 17 2026 10:14:26 [MY-SERVER] в„№пёЏ INFO: [31mA user disconnected: VCDgwGvafnbceOE_AAAB[39m
Tue Mar 17 2026 10:15:06 [MY-SERVER] в„№пёЏ INFO: [34mA user connected: pnpZoN9YOCCkFTWcAAAD[39m
Tue Mar 17 2026 10:16:21 [MY-SERVER] в„№пёЏ INFO: Server Connected Sucessfully
Tue Mar 17 2026 10:16:21 [MY-SERVER] в„№пёЏ INFO: рџ”Ґрџ”ҐServer is Running
Tue Mar 17 2026 10:16:24 [MY-SERVER] в„№пёЏ INFO: [34mA user connected: w7vdz_1XfzofrgwVAAAB[39m
Tue Mar 17 2026 10:16:25 [MY-SERVER] в„№пёЏ INFO: [31mA user disconnected: w7vdz_1XfzofrgwVAAAB[39m
Tue Mar 17 2026 10:16:30 [MY-SERVER] в„№пёЏ INFO: [34mA user connected: M7C6RIVm7FF-T6lNAAAD[39m
Tue Mar 17 2026 10:17:30 [MY-SERVER] в„№пёЏ INFO: Server Connected Sucessfully
Tue Mar 17 2026 10:17:30 [MY-SERVER] в„№пёЏ INFO: рџ”Ґрџ”ҐServer is Running
Tue Mar 17 2026 10:17:30 [MY-SERVER] в„№пёЏ INFO: [34mA user connected: Me5PEXuJPfkBsUUUAAAB[39m
Tue Mar 17 2026 10:22:19 [MY-SERVER] в„№пёЏ INFO: [31mA user disconnected: Me5PEXuJPfkBsUUUAAAB[39m
Tue Mar 17 2026 10:22:25 [MY-SERVER] в„№пёЏ INFO: [34mA user connected: 12QaRuvvjkA4AoTGAAAD[39m
Tue Mar 17 2026 10:24:06 [MY-SERVER] в„№пёЏ INFO: [31mA user disconnected: 12QaRuvvjkA4AoTGAAAD[39m
Tue Mar 17 2026 10:24:14 [MY-SERVER] в„№пёЏ INFO: [34mA user connected: mTiKq1f0v6vMghCkAAAF[39m
Tue Mar 17 2026 10:26:46 [MY-SERVER] в„№пёЏ INFO: [31mA user disconnected: mTiKq1f0v6vMghCkAAAF[39m
Tue Mar 17 2026 10:26:53 [MY-SERVER] в„№пёЏ INFO: [34mA user connected: qjLPvdwcMD-FAbtRAAAH[39m
Tue Mar 17 2026 10:32:31 [MY-SERVER] в„№пёЏ INFO: [31mA user disconnected: qjLPvdwcMD-FAbtRAAAH[39m
Tue Mar 17 2026 10:32:37 [MY-SERVER] в„№пёЏ INFO: [34mA user connected: GbFCeSe2lmdg-GGtAAAJ[39m
Tue Mar 17 2026 10:34:35 [MY-SERVER] в„№пёЏ INFO: [31mA user disconnected: GbFCeSe2lmdg-GGtAAAJ[39m
Tue Mar 17 2026 10:34:40 [MY-SERVER] в„№пёЏ INFO: [34mA user connected: fHVcPmQc30rqiJc-AAAL[39m
Tue Mar 17 2026 10:43:23 [MY-SERVER] в„№пёЏ INFO: [34mA user connected: IzSp-Rbp-QiN6Ai4AAAN[39m
Tue Mar 17 2026 10:49:48 [MY-SERVER] в„№пёЏ INFO: [31mA user disconnected: IzSp-Rbp-QiN6Ai4AAAN[39m
Tue Mar 17 2026 10:56:26 [MY-SERVER] в„№пёЏ INFO: [31mA user disconnected: fHVcPmQc30rqiJc-AAAL[39m
Tue Mar 17 2026 10:56:33 [MY-SERVER] в„№пёЏ INFO: [34mA user connected: YkRmm_Whd65CdH3zAAAP[39m
