Tue Mar 17 2026 15:01:12 [MY-SERVER] в„№пёЏ INFO: Server Connected Sucessfully
Tue Mar 17 2026 15:01:12 [MY-SERVER] в„№пёЏ INFO: рџ”Өрџ”ӨServer is Running
Tue Mar 17 2026 15:01:12 [MY-SERVER] в„№пёЏ INFO: [34mA user connected: Mni3TW5NUFZCOeiSAAAB[39m
Tue Mar 17 2026 15:01:30 [MY-SERVER] в„№пёЏ INFO: Server Connected Sucessfully
Tue Mar 17 2026 15:01:30 [MY-SERVER] в„№пёЏ INFO: рџ”Өрџ”ӨServer is Running
Tue Mar 17 2026 15:01:31 [MY-SERVER] в„№пёЏ INFO: [34mA user connected: -_ap7YfOpqFkWzomAAAB[39m
Tue Mar 17 2026 15:01:49 [MY-SERVER] в„№пёЏ INFO: Server Connected Sucessfully
Tue Mar 17 2026 15:01:49 [MY-SERVER] в„№пёЏ INFO: рџ”Өрџ”ӨServer is Running
Tue Mar 17 2026 15:01:51 [MY-SERVER] в„№пёЏ INFO: [34mA user connected: 5ZSCHJXVnqD3WlbEAAAB[39m
Tue Mar 17 2026 15:02:09 [MY-SERVER] в„№пёЏ INFO: Server Connected Sucessfully
Tue Mar 17 2026 15:02:09 [MY-SERVER] в„№пёЏ INFO: рџ”Өрџ”ӨServer is Running
Tue Mar 17 2026 15:02:11 [MY-SERVER] в„№пёЏ INFO: [34mA user connected: AqDww3VbeYpgA16aAAAB[39m
Tue Mar 17 2026 15:02:23 [MY-SERVER] в„№пёЏ INFO: Server Connected Sucessfully
Tue Mar 17 2026 15:02:23 [MY-SERVER] в„№пёЏ INFO: рџ”Өрџ”ӨServer is Running
Tue Mar 17 2026 15:02:23 [MY-SERVER] в„№пёЏ INFO: [34mA user connected: hFXo8LzF67OJbHm_AAAB[39m
Tue Mar 17 2026 15:02:43 [MY-SERVER] в„№пёЏ INFO: Server Connected Sucessfully
Tue Mar 17 2026 15:02:43 [MY-SERVER] в„№пёЏ INFO: рџ”Өрџ”ӨServer is Running
Tue Mar 17 2026 15:02:44 [MY-SERVER] в„№пёЏ INFO: [34mA user connected: VH3lyD_0qGrh6rIxAAAB[39m
Tue Mar 17 2026 15:03:20 [MY-SERVER] в„№пёЏ INFO: Server Connected Sucessfully
Tue Mar 17 2026 15:03:20 [MY-SERVER] в„№пёЏ INFO: рџ”Өрџ”ӨServer is Running
Tue Mar 17 2026 15:03:22 [MY-SERVER] в„№пёЏ INFO: [34mA user connected: ZYNakSeZ4KPmZwT3AAAB[39m
Tue Mar 17 2026 15:03:42 [MY-SERVER] в„№пёЏ INFO: [31mA user disconnected: ZYNakSeZ4KPmZwT3AAAB[39m
Tue Mar 17 2026 15:03:44 [MY-SERVER] в„№пёЏ INFO: [34mA user connected: N232_5cQ9YNMXozTAAAD[39m
Tue Mar 17 2026 15:04:25 [MY-SERVER] в„№пёЏ INFO: Server Connected Sucessfully
Tue Mar 17 2026 15:04:25 [MY-SERVER] в„№пёЏ INFO: рџ”Өрџ”ӨServer is Running
Tue Mar 17 2026 15:04:49 [MY-SERVER] в„№пёЏ INFO: [34mA user connected: tyVd8-5wgzvxlabJAAAB[39m
Tue Mar 17 2026 15:04:55 [MY-SERVER] в„№пёЏ INFO: Server Connected Sucessfully
Tue Mar 17 2026 15:04:55 [MY-SERVER] в„№пёЏ INFO: рџ”Өрџ”ӨServer is Running
Tue Mar 17 2026 15:06:00 [MY-SERVER] в„№пёЏ INFO: Server Connected Sucessfully
Tue Mar 17 2026 15:06:00 [MY-SERVER] в„№пёЏ INFO: рџ”Өрџ”ӨServer is Running
Tue Mar 17 2026 15:06:13 [MY-SERVER] в„№пёЏ INFO: Server Connected Sucessfully
Tue Mar 17 2026 15:06:13 [MY-SERVER] в„№пёЏ INFO: рџ”Өрџ”ӨServer is Running
Tue Mar 17 2026 15:07:01 [MY-SERVER] в„№пёЏ INFO: [34mA user connected: wF0voIRPqdBA2NXvAAAB[39m
Tue Mar 17 2026 15:07:19 [MY-SERVER] в„№пёЏ INFO: Server Connected Sucessfully
Tue Mar 17 2026 15:07:19 [MY-SERVER] в„№пёЏ INFO: рџ”Өрџ”ӨServer is Running
Tue Mar 17 2026 15:07:20 [MY-SERVER] в„№пёЏ INFO: [34mA user connected: RZkT8UHly99XpJ_3AAAB[39m
Tue Mar 17 2026 15:07:41 [MY-SERVER] в„№пёЏ INFO: [31mA user disconnected: RZkT8UHly99XpJ_3AAAB[39m
Tue Mar 17 2026 15:08:43 [MY-SERVER] в„№пёЏ INFO: [34mA user connected: kwIkaOFCOCp3dHCsAAAD[39m
Tue Mar 17 2026 15:09:39 [MY-SERVER] в„№пёЏ INFO: [31mA user disconnected: kwIkaOFCOCp3dHCsAAAD[39m
Tue Mar 17 2026 15:10:14 [MY-SERVER] в„№пёЏ INFO: [34mA user connected: rxfqwQN4LyDeAg9uAAAF[39m
Tue Mar 17 2026 15:10:21 [MY-SERVER] в„№пёЏ INFO: [31mA user disconnected: rxfqwQN4LyDeAg9uAAAF[39m
Tue Mar 17 2026 15:11:06 [MY-SERVER] в„№пёЏ INFO: [34mA user connected: m4HxPYCgg06Tumi4AAAH[39m
Tue Mar 17 2026 15:13:23 [MY-SERVER] в„№пёЏ INFO: [31mA user disconnected: m4HxPYCgg06Tumi4AAAH[39m
Tue Mar 17 2026 15:13:40 [MY-SERVER] в„№пёЏ INFO: [34mA user connected: O8hDN-cJUwB4lBv_AAAJ[39m
Tue Mar 17 2026 15:16:53 [MY-SERVER] в„№пёЏ INFO: [31mA user disconnected: O8hDN-cJUwB4lBv_AAAJ[39m
Tue Mar 17 2026 15:17:03 [MY-SERVER] в„№пёЏ INFO: [34mA user connected: H5757FqPCsFjR2W0AAAL[39m
Tue Mar 17 2026 15:17:09 [MY-SERVER] в„№пёЏ INFO: [31mA user disconnected: H5757FqPCsFjR2W0AAAL[39m
Tue Mar 17 2026 15:17:11 [MY-SERVER] в„№пёЏ INFO: [34mA user connected: rm3lBuSogH1Umv7-AAAN[39m
Tue Mar 17 2026 15:17:20 [MY-SERVER] в„№пёЏ INFO: Server Connected Sucessfully
Tue Mar 17 2026 15:17:20 [MY-SERVER] в„№пёЏ INFO: рџ”Өрџ”ӨServer is Running
Tue Mar 17 2026 15:17:23 [MY-SERVER] в„№пёЏ INFO: [34mA user connected: q48dsz3URly48mBUAAAB[39m
Tue Mar 17 2026 15:17:30 [MY-SERVER] в„№пёЏ INFO: [31mA user disconnected: q48dsz3URly48mBUAAAB[39m
Tue Mar 17 2026 15:18:01 [MY-SERVER] в„№пёЏ INFO: Server Connected Sucessfully
Tue Mar 17 2026 15:18:01 [MY-SERVER] в„№пёЏ INFO: рџ”Өрџ”ӨServer is Running
Tue Mar 17 2026 15:18:02 [MY-SERVER] в„№пёЏ INFO: [34mA user connected: ze0q_sf8FSywwbztAAAB[39m
Tue Mar 17 2026 15:18:59 [MY-SERVER] в„№пёЏ INFO: [31mA user disconnected: ze0q_sf8FSywwbztAAAB[39m
Tue Mar 17 2026 15:19:04 [MY-SERVER] в„№пёЏ INFO: Server Connected Sucessfully
Tue Mar 17 2026 15:19:04 [MY-SERVER] в„№пёЏ INFO: рџ”Өрџ”ӨServer is Running
Tue Mar 17 2026 15:20:15 [MY-SERVER] в„№пёЏ INFO: Server Connected Sucessfully
Tue Mar 17 2026 15:20:15 [MY-SERVER] в„№пёЏ INFO: рџ”Өрџ”ӨServer is Running
Tue Mar 17 2026 15:30:36 [MY-SERVER] в„№пёЏ INFO: Server Connected Sucessfully
Tue Mar 17 2026 15:30:36 [MY-SERVER] в„№пёЏ INFO: рџ”Өрџ”ӨServer is Running
Tue Mar 17 2026 15:42:18 [MY-SERVER] в„№пёЏ INFO: Server Connected Sucessfully
Tue Mar 17 2026 15:42:18 [MY-SERVER] в„№пёЏ INFO: рџ”Өрџ”ӨServer is Running
Tue Mar 17 2026 15:44:25 [MY-SERVER] в„№пёЏ INFO: Server Connected Sucessfully
Tue Mar 17 2026 15:44:25 [MY-SERVER] в„№пёЏ INFO: рџ”Өрџ”ӨServer is Running
