Wed Mar 18 2026 11:00:27 [MY-SERVER] в„№пёЏ INFO: [31mA user disconnected: SkwG0pGsdgDxMpHDAAAJ[39m
Wed Mar 18 2026 11:00:44 [MY-SERVER] в„№пёЏ INFO: [34mA user connected: 2kNVRVD2zsEBB6KiAAAL[39m
Wed Mar 18 2026 11:03:34 [MY-SERVER] в„№пёЏ INFO: [31mA user disconnected: 2kNVRVD2zsEBB6KiAAAL[39m
Wed Mar 18 2026 11:03:58 [MY-SERVER] в„№пёЏ INFO: [34mA user connected: l5yHlvV8p5Qo8455AAAN[39m
Wed Mar 18 2026 11:25:50 [MY-SERVER] в„№пёЏ INFO: Server Connected Sucessfully
Wed Mar 18 2026 11:25:50 [MY-SERVER] в„№пёЏ INFO: рџ”Ґрџ”ҐServer is Running
Wed Mar 18 2026 11:25:52 [MY-SERVER] в„№пёЏ INFO: [34mA user connected: ddrib9Q_QOvunyXVAAAC[39m
Wed Mar 18 2026 11:25:52 [MY-SERVER] в„№пёЏ INFO: [34mA user connected: 5Cqgua6-faVLpw74AAAD[39m
Wed Mar 18 2026 11:25:53 [MY-SERVER] в„№пёЏ INFO: [34mA user connected: AAxrTyD6KSbuQXTwAAAF[39m
Wed Mar 18 2026 11:26:07 [MY-SERVER] в„№пёЏ INFO: Server Connected Sucessfully
Wed Mar 18 2026 11:26:07 [MY-SERVER] в„№пёЏ INFO: рџ”Ґрџ”ҐServer is Running
Wed Mar 18 2026 11:26:07 [MY-SERVER] в„№пёЏ INFO: [34mA user connected: pTn1Dw6x73nsHh1oAAAC[39m
Wed Mar 18 2026 11:26:07 [MY-SERVER] в„№пёЏ INFO: [34mA user connected: ZLVR6OKjMIO4_7EDAAAD[39m
Wed Mar 18 2026 11:26:07 [MY-SERVER] в„№пёЏ INFO: [34mA user connected: IeHKaCfYb1L_bDACAAAF[39m
Wed Mar 18 2026 11:26:24 [MY-SERVER] в„№пёЏ INFO: Server Connected Sucessfully
Wed Mar 18 2026 11:26:24 [MY-SERVER] в„№пёЏ INFO: рџ”Ґрџ”ҐServer is Running
Wed Mar 18 2026 11:26:24 [MY-SERVER] в„№пёЏ INFO: [34mA user connected: cKtzSgVDr1z43S96AAAC[39m
Wed Mar 18 2026 11:26:24 [MY-SERVER] в„№пёЏ INFO: [34mA user connected: LJnC2XJBvDcFY3yKAAAD[39m
Wed Mar 18 2026 11:26:24 [MY-SERVER] в„№пёЏ INFO: [34mA user connected: cUn7snw2lFqZ5Ai8AAAF[39m
Wed Mar 18 2026 11:33:25 [MY-SERVER] в„№пёЏ INFO: Server Connected Sucessfully
Wed Mar 18 2026 11:33:25 [MY-SERVER] в„№пёЏ INFO: рџ”Ґрџ”ҐServer is Running
Wed Mar 18 2026 11:33:26 [MY-SERVER] в„№пёЏ INFO: [34mA user connected: fo1Yqh78f6d_nW67AAAB[39m
Wed Mar 18 2026 11:33:26 [MY-SERVER] в„№пёЏ INFO: [34mA user connected: PbO7Hpj4WdnvipacAAAD[39m
Wed Mar 18 2026 11:33:27 [MY-SERVER] в„№пёЏ INFO: [34mA user connected: 79A5fsRIeD8UBxxUAAAF[39m
Wed Mar 18 2026 11:33:43 [MY-SERVER] в„№пёЏ INFO: Server Connected Sucessfully
Wed Mar 18 2026 11:33:43 [MY-SERVER] в„№пёЏ INFO: рџ”Ґрџ”ҐServer is Running
Wed Mar 18 2026 11:33:45 [MY-SERVER] в„№пёЏ INFO: [34mA user connected: MfF2541PwLjoZqfZAAAB[39m
Wed Mar 18 2026 11:33:45 [MY-SERVER] в„№пёЏ INFO: [34mA user connected: o36aHg4Mq6-fCJgHAAAD[39m
Wed Mar 18 2026 11:33:45 [MY-SERVER] в„№пёЏ INFO: [34mA user connected: 7NSu71Lp_yC0-kTfAAAF[39m
Wed Mar 18 2026 11:34:30 [MY-SERVER] в„№пёЏ INFO: Server Connected Sucessfully
Wed Mar 18 2026 11:34:30 [MY-SERVER] в„№пёЏ INFO: рџ”Ґрџ”ҐServer is Running
Wed Mar 18 2026 11:34:30 [MY-SERVER] в„№пёЏ INFO: [34mA user connected: QbgGMD-GYccbWD25AAAB[39m
Wed Mar 18 2026 11:34:31 [MY-SERVER] в„№пёЏ INFO: [34mA user connected: YOIyCExVNtuyAzD0AAAD[39m
Wed Mar 18 2026 11:34:32 [MY-SERVER] в„№пёЏ INFO: [34mA user connected: fXavhqn0WmSSX6b8AAAF[39m
Wed Mar 18 2026 11:35:49 [MY-SERVER] в„№пёЏ INFO: [31mA user disconnected: fXavhqn0WmSSX6b8AAAF[39m
Wed Mar 18 2026 11:36:12 [MY-SERVER] в„№пёЏ INFO: [34mA user connected: M0l2U31Ckl9LWf7XAAAH[39m
Wed Mar 18 2026 11:38:38 [MY-SERVER] в„№пёЏ INFO: [31mA user disconnected: M0l2U31Ckl9LWf7XAAAH[39m
Wed Mar 18 2026 11:38:49 [MY-SERVER] в„№пёЏ INFO: Server Connected Sucessfully
Wed Mar 18 2026 11:38:49 [MY-SERVER] в„№пёЏ INFO: рџ”Ґрџ”ҐServer is Running
Wed Mar 18 2026 11:38:49 [MY-SERVER] в„№пёЏ INFO: [34mA user connected: 2mmv7_Vj3L8AnyzXAAAB[39m
Wed Mar 18 2026 11:38:51 [MY-SERVER] в„№пёЏ INFO: [34mA user connected: vU8Bgw2SgdF9d7WhAAAD[39m
Wed Mar 18 2026 11:38:51 [MY-SERVER] в„№пёЏ INFO: [34mA user connected: W8SbjkMp0_Twm764AAAF[39m
Wed Mar 18 2026 11:39:23 [MY-SERVER] в„№пёЏ INFO: Server Connected Sucessfully
Wed Mar 18 2026 11:39:23 [MY-SERVER] в„№пёЏ INFO: рџ”Ґрџ”ҐServer is Running
Wed Mar 18 2026 11:39:23 [MY-SERVER] в„№пёЏ INFO: [34mA user connected: CBKjLRCy7XLds8uuAAAC[39m
Wed Mar 18 2026 11:39:23 [MY-SERVER] в„№пёЏ INFO: [34mA user connected: gGBvLfM1-0RuItaVAAAD[39m
Wed Mar 18 2026 11:39:23 [MY-SERVER] в„№пёЏ INFO: [34mA user connected: 7CcRxtuvqv_kYErZAAAF[39m
Wed Mar 18 2026 11:40:11 [MY-SERVER] в„№пёЏ INFO: Server Connected Sucessfully
Wed Mar 18 2026 11:40:11 [MY-SERVER] в„№пёЏ INFO: рџ”Ґрџ”ҐServer is Running
Wed Mar 18 2026 11:40:13 [MY-SERVER] в„№пёЏ INFO: [34mA user connected: VbNcnCTMbToLulGmAAAB[39m
Wed Mar 18 2026 11:41:03 [MY-SERVER] в„№пёЏ INFO: [31mA user disconnected: VbNcnCTMbToLulGmAAAB[39m
Wed Mar 18 2026 11:41:19 [MY-SERVER] в„№пёЏ INFO: Server Connected Sucessfully
Wed Mar 18 2026 11:41:19 [MY-SERVER] в„№пёЏ INFO: рџ”Ґрџ”ҐServer is Running
Wed Mar 18 2026 11:41:39 [MY-SERVER] в„№пёЏ INFO: Server Connected Sucessfully
Wed Mar 18 2026 11:41:39 [MY-SERVER] в„№пёЏ INFO: рџ”Ґрџ”ҐServer is Running
Wed Mar 18 2026 11:42:15 [MY-SERVER] в„№пёЏ INFO: Server Connected Sucessfully
Wed Mar 18 2026 11:42:15 [MY-SERVER] в„№пёЏ INFO: рџ”Ґрџ”ҐServer is Running
Wed Mar 18 2026 11:44:38 [MY-SERVER] в„№пёЏ INFO: Server Connected Sucessfully
Wed Mar 18 2026 11:44:38 [MY-SERVER] в„№пёЏ INFO: рџ”Ґрџ”ҐServer is Running
Wed Mar 18 2026 11:45:13 [MY-SERVER] в„№пёЏ INFO: Server Connected Sucessfully
Wed Mar 18 2026 11:45:13 [MY-SERVER] в„№пёЏ INFO: рџ”Ґрџ”ҐServer is Running
Wed Mar 18 2026 11:49:12 [MY-SERVER] в„№пёЏ INFO: Server Connected Sucessfully
Wed Mar 18 2026 11:49:12 [MY-SERVER] в„№пёЏ INFO: рџ”Ґрџ”ҐServer is Running
Wed Mar 18 2026 11:49:41 [MY-SERVER] в„№пёЏ INFO: Server Connected Sucessfully
Wed Mar 18 2026 11:49:41 [MY-SERVER] в„№пёЏ INFO: рџ”Ґрџ”ҐServer is Running
Wed Mar 18 2026 11:50:04 [MY-SERVER] в„№пёЏ INFO: Server Connected Sucessfully
Wed Mar 18 2026 11:50:04 [MY-SERVER] в„№пёЏ INFO: рџ”Ґрџ”ҐServer is Running
Wed Mar 18 2026 11:50:31 [MY-SERVER] в„№пёЏ INFO: Server Connected Sucessfully
Wed Mar 18 2026 11:50:31 [MY-SERVER] в„№пёЏ INFO: рџ”Ґрџ”ҐServer is Running
Wed Mar 18 2026 11:50:43 [MY-SERVER] в„№пёЏ INFO: Server Connected Sucessfully
Wed Mar 18 2026 11:50:43 [MY-SERVER] в„№пёЏ INFO: рџ”Ґрџ”ҐServer is Running
Wed Mar 18 2026 11:50:51 [MY-SERVER] в„№пёЏ INFO: Server Connected Sucessfully
Wed Mar 18 2026 11:50:51 [MY-SERVER] в„№пёЏ INFO: рџ”Ґрџ”ҐServer is Running
Wed Mar 18 2026 11:51:12 [MY-SERVER] в„№пёЏ INFO: Server Connected Sucessfully
Wed Mar 18 2026 11:51:13 [MY-SERVER] в„№пёЏ INFO: рџ”Ґрџ”ҐServer is Running
Wed Mar 18 2026 11:53:00 [MY-SERVER] в„№пёЏ INFO: Server Connected Sucessfully
Wed Mar 18 2026 11:53:00 [MY-SERVER] в„№пёЏ INFO: рџ”Ґрџ”ҐServer is Running
Wed Mar 18 2026 11:56:04 [MY-SERVER] в„№пёЏ INFO: [34mA user connected: tVWKYrGKE9c03eYgAAAB[39m
