Wed Mar 18 2026 12:09:12 [MY-SERVER] в„№пёЏ INFO: Server Connected Sucessfully
Wed Mar 18 2026 12:09:12 [MY-SERVER] в„№пёЏ INFO: рџ”Өрџ”ӨServer is Running
Wed Mar 18 2026 12:09:12 [MY-SERVER] в„№пёЏ INFO: [34mA user connected: 7ihB5pPMBreSODwpAAAB[39m
Wed Mar 18 2026 12:09:50 [MY-SERVER] в„№пёЏ INFO: [34mA user connected: caHhsCdjdR9qBlzWAAAD[39m
Wed Mar 18 2026 12:12:31 [MY-SERVER] в„№пёЏ INFO: [31mA user disconnected: 7ihB5pPMBreSODwpAAAB[39m
Wed Mar 18 2026 12:12:41 [MY-SERVER] в„№пёЏ INFO: [34mA user connected: tDv0NpwV2eu7EUvJAAAF[39m
Wed Mar 18 2026 12:17:17 [MY-SERVER] в„№пёЏ INFO: [31mA user disconnected: caHhsCdjdR9qBlzWAAAD[39m
Wed Mar 18 2026 12:17:21 [MY-SERVER] в„№пёЏ INFO: Server Connected Sucessfully
Wed Mar 18 2026 12:17:21 [MY-SERVER] в„№пёЏ INFO: рџ”Өрџ”ӨServer is Running
Wed Mar 18 2026 12:17:24 [MY-SERVER] в„№пёЏ INFO: [34mA user connected: WGTsvPdtbeNtEVV7AAAB[39m
Wed Mar 18 2026 12:18:36 [MY-SERVER] в„№пёЏ INFO: [31mA user disconnected: WGTsvPdtbeNtEVV7AAAB[39m
Wed Mar 18 2026 12:18:46 [MY-SERVER] в„№пёЏ INFO: [34mA user connected: 7XJhCvr_o4n9SggzAAAD[39m
Wed Mar 18 2026 12:19:15 [MY-SERVER] в„№пёЏ INFO: [31mA user disconnected: 7XJhCvr_o4n9SggzAAAD[39m
Wed Mar 18 2026 12:19:16 [MY-SERVER] в„№пёЏ INFO: [34mA user connected: zoXc9FgQSf70h_CXAAAF[39m
Wed Mar 18 2026 12:19:24 [MY-SERVER] в„№пёЏ INFO: [34mA user connected: l0aJqG605-JupqHIAAAH[39m
Wed Mar 18 2026 12:19:42 [MY-SERVER] в„№пёЏ INFO: [31mA user disconnected: l0aJqG605-JupqHIAAAH[39m
Wed Mar 18 2026 12:20:01 [MY-SERVER] в„№пёЏ INFO: [34mA user connected: Aj_qDsETawTKtBFZAAAJ[39m
Wed Mar 18 2026 12:22:28 [MY-SERVER] в„№пёЏ INFO: [31mA user disconnected: zoXc9FgQSf70h_CXAAAF[39m
Wed Mar 18 2026 12:22:29 [MY-SERVER] в„№пёЏ INFO: [34mA user connected: Wrnt_Tk8u8Z1Gt8_AAAL[39m
Wed Mar 18 2026 12:29:32 [MY-SERVER] в„№пёЏ INFO: [31mA user disconnected: Wrnt_Tk8u8Z1Gt8_AAAL[39m
Wed Mar 18 2026 12:29:33 [MY-SERVER] в„№пёЏ INFO: [34mA user connected: f_qfd6Wdl1KjaG1IAAAN[39m
Wed Mar 18 2026 12:32:02 [MY-SERVER] в„№пёЏ INFO: Server Connected Sucessfully
Wed Mar 18 2026 12:32:02 [MY-SERVER] в„№пёЏ INFO: рџ”Өрџ”ӨServer is Running
Wed Mar 18 2026 12:32:03 [MY-SERVER] в„№пёЏ INFO: [34mA user connected: sbwsq3nZgZrPYNEVAAAB[39m
Wed Mar 18 2026 12:32:04 [MY-SERVER] в„№пёЏ INFO: [34mA user connected: a6W7_jYjo6no1HMaAAAD[39m
Wed Mar 18 2026 12:34:19 [MY-SERVER] в„№пёЏ INFO: Server Connected Sucessfully
Wed Mar 18 2026 12:34:19 [MY-SERVER] в„№пёЏ INFO: рџ”Өрџ”ӨServer is Running
Wed Mar 18 2026 12:34:19 [MY-SERVER] в„№пёЏ INFO: [34mA user connected: 2laPH47NPcwJRUfHAAAB[39m
Wed Mar 18 2026 12:34:19 [MY-SERVER] в„№пёЏ INFO: [34mA user connected: B6ECArgqKnLIMJ7RAAAD[39m
Wed Mar 18 2026 12:34:54 [MY-SERVER] в„№пёЏ INFO: Server Connected Sucessfully
Wed Mar 18 2026 12:34:54 [MY-SERVER] в„№пёЏ INFO: рџ”Өрџ”ӨServer is Running
Wed Mar 18 2026 12:34:55 [MY-SERVER] в„№пёЏ INFO: [34mA user connected: 7TIGZU4HyslXcSUFAAAB[39m
Wed Mar 18 2026 12:34:55 [MY-SERVER] в„№пёЏ INFO: [34mA user connected: Y6QosaEIfDDZdtWUAAAD[39m
